This is pdfTeX, Version 3.141592653-2.6-1.40.22 (MiKTeX 21.3) (preloaded format=pdflatex 2021.3.17)  4 NOV 2021 17:58
entering extended mode
**./thesis.tex
(thesis.tex
LaTeX2e <2020-10-01> patch level 4
L3 programming layer <2021-02-18> xparse <2020-03-03>
(C:\Users\Hossam\AppData\Local\Programs\MiKTeX\tex/latex/koma-script\scrreprt.c
ls
Document Class: scrreprt 2021/03/17 v3.33 KOMA-Script document class (report)

(C:\Users\Hossam\AppData\Local\Programs\MiKTeX\tex/latex/koma-script\scrkbase.s
ty
Package: scrkbase 2021/03/17 v3.33 KOMA-Script package (KOMA-Script-dependent b
asics and keyval usage)

(C:\Users\Hossam\AppData\Local\Programs\MiKTeX\tex/latex/koma-script\scrbase.st
y
Package: scrbase 2021/03/17 v3.33 KOMA-Script package (KOMA-Script-independent 
basics and keyval usage)

(C:\Users\Hossam\AppData\Local\Programs\MiKTeX\tex/latex/koma-script\scrlfile.s
ty
Package: scrlfile 2021/03/17 v3.33 KOMA-Script package (file load hooks)

(C:\Users\Hossam\AppData\Local\Programs\MiKTeX\tex/latex/koma-script\scrlfile-h
ook.sty
Package: scrlfile-hook 2021/03/17 v3.33 KOMA-Script package (using LaTeX hooks)


LaTeX3 Info: Defining command \BeforeFile with sig. 'm' on line 61.


LaTeX3 Info: Defining command \AfterFile with sig. 'm' on line 65.


LaTeX3 Info: Defining command \BeforeClass with sig. 'm' on line 69.


LaTeX3 Info: Defining command \BeforePackage with sig. 'm' on line 73.


LaTeX3 Info: Defining command \AfterAtEndOfClass with sig. 'smo+m' on line 83.


LaTeX3 Info: Defining command \AfterAtEndOfPackage with sig. 'smo+m' on line
(LaTeX3)     93.


LaTeX3 Info: Defining command \scrlfile@AfterClass with sig. 'smo+m' on line
(LaTeX3)     173.


LaTeX3 Info: Defining command \AfterClass with sig. '' on line 174.


LaTeX3 Info: Defining command \scrlfile@AfterPackage with sig. 'smo+m' on line
(LaTeX3)     191.


LaTeX3 Info: Defining command \AfterPackage with sig. '' on line 192.


LaTeX3 Info: Defining command \ReplaceInput with sig. '' on line 193.


LaTeX3 Info: Defining command \ReplaceClass with sig. 'mm' on line 196.


LaTeX3 Info: Defining command \ReplacePackage with sig. 'mm' on line 199.


LaTeX3 Info: Defining command \UnReplaceInput with sig. '' on line 200.


LaTeX3 Info: Defining command \UnReplaceClass with sig. 'm' on line 203.


LaTeX3 Info: Defining command \UnReplacePackage with sig. 'mm' on line 206.


LaTeX3 Info: Defining command \PreventPackageFromLoading with sig. 's+om' on
(LaTeX3)     line 234.


LaTeX3 Info: Defining command \StorePreventPackageFromLoading with sig. 'm' on
(LaTeX3)     line 242.


LaTeX3 Info: Defining command \ResetPreventPackageFromLoading with sig. '' on
(LaTeX3)     line 247.


LaTeX3 Info: Defining command \UnPreventPackageFromLoading with sig. 'sm' on
(LaTeX3)     line 261.


LaTeX3 Info: Defining command \BeforeClosingMainAux with sig. 'om' on line
(LaTeX3)     274.


LaTeX3 Info: Defining command \AfterReadingMainAux with sig. 'om' on line 287.


LaTeX3 Info: Defining command \protected@immediate@write with sig. 'm+m+m' on
(LaTeX3)     line 298.


(C:\Users\Hossam\AppData\Local\Programs\MiKTeX\tex/latex/koma-script\scrlogo.st
y
Package: scrlogo 2021/03/17 v3.33 KOMA-Script package (logo)
)))
(C:\Users\Hossam\AppData\Local\Programs\MiKTeX\tex/latex/graphics\keyval.sty
Package: keyval 2014/10/28 v1.15 key=value parser (DPC)
\KV@toks@=\toks15
)
Skipping: [2021/05/01] Usage of raw option list on input line 252.
Applying: [0000/00/00] compatibility for LaTeX before 2021/05/01 on input line 
337.
))
(C:\Users\Hossam\AppData\Local\Programs\MiKTeX\tex/latex/koma-script\tocbasic.s
ty
Package: tocbasic 2021/03/17 v3.33 KOMA-Script package (handling toc-files)
\scr@dte@tocline@numberwidth=\skip47
\scr@dte@tocline@numbox=\box47
)
Package tocbasic Info: babel extension for `toc' omitted
(tocbasic)             because of missing \bbl@set@language on input line 137.
Package scrreprt Info: You've used standard option `11pt'.
(scrreprt)             This is correct!
(scrreprt)             Internally I'm using `fontsize=11pt'.
(scrreprt)             If you'd like to set the option with \KOMAoptions,
(scrreprt)             you'd have to use `fontsize=11pt' there
(scrreprt)             instead of `11pt', too.
 (C:\Users\Hossam\AppData\Local\Programs\MiKTeX\tex/latex/base\fleqn.clo
File: fleqn.clo 2016/12/29 v1.2b Standard LaTeX option (flush left equations)
\mathindent=\skip48
Applying: [2015/01/01] Make \[ robust on input line 50.
LaTeX Info: Redefining \[ on input line 51.
Already applied: [0000/00/00] Make \[ robust on input line 62.
Applying: [2015/01/01] Make \] robust on input line 74.
LaTeX Info: Redefining \] on input line 75.
Already applied: [0000/00/00] Make \] robust on input line 83.
)
Class scrreprt Info: You've used standard option `oneside'.
(scrreprt)           This is correct!
(scrreprt)           Internally I'm using `twoside=false'.
(scrreprt)           If you'd like to set the option with \KOMAoptions,
(scrreprt)           you'd have to use `twoside=false' there
(scrreprt)           instead of `oneside', too.
Class scrreprt Info: Switching compatibility level to `first'.
Class scrreprt Info: File `scrsize11pt.clo' used to setup font sizes on input l
ine 2451.

(C:\Users\Hossam\AppData\Local\Programs\MiKTeX\tex/latex/koma-script\scrsize11p
t.clo
File: scrsize11pt.clo 2021/03/17 v3.33 KOMA-Script font size class option (11pt
)
)
(C:\Users\Hossam\AppData\Local\Programs\MiKTeX\tex/latex/koma-script\typearea.s
ty
Package: typearea 2021/03/17 v3.33 KOMA-Script package (type area)
\ta@bcor=\skip49
\ta@div=\count179
Package typearea Info: You've used standard option `a4paper'.
(typearea)             This is correct!
(typearea)             Internally I'm using `paper=a4'.
(typearea)             If you'd like to set the option with \KOMAoptions,
(typearea)             you'd have to use `paper=a4' there
(typearea)             instead of `a4paper', too.
Package typearea Info: You've used standard option `oneside'.
(typearea)             This is correct!
(typearea)             Internally I'm using `twoside=false'.
(typearea)             If you'd like to set the option with \KOMAoptions,
(typearea)             you'd have to use `twoside=false' there
(typearea)             instead of `oneside', too.
Package typearea Info: Switching compatibility level to `first'.
\ta@hblk=\skip50
\ta@vblk=\skip51
\ta@temp=\skip52
\footheight=\skip53
Package typearea Info: These are the values describing the layout:
(typearea)             DIV  = 10
(typearea)             BCOR = 0.0pt
(typearea)             \paperwidth      = 597.50793pt
(typearea)              \textwidth      = 418.25555pt
(typearea)              DIV departure   = -6%
(typearea)              \evensidemargin = 17.3562pt
(typearea)              \oddsidemargin  = 17.3562pt
(typearea)             \paperheight     = 845.04694pt
(typearea)              \textheight     = 555.00024pt
(typearea)              \topmargin      = 12.2347pt
(typearea)              \headheight     = 17.0pt
(typearea)              \headsep        = 20.40001pt
(typearea)              \topskip        = 11.0pt
(typearea)              \footskip       = 47.6pt
(typearea)              \baselineskip   = 13.6pt
(typearea)              on input line 1741.
)
\c@part=\count180
\c@chapter=\count181
\c@section=\count182
\c@subsection=\count183
\c@subsubsection=\count184
\c@paragraph=\count185
\c@subparagraph=\count186
\scr@dte@chapter@maxnumwidth=\skip54
Class scrreprt Info: using compatibility default `afterindent=bysign'
(scrreprt)           for `\chapter on input line 5678.
\scr@dte@section@maxnumwidth=\skip55
Class scrreprt Info: using compatibility default `runin=bysign'
(scrreprt)           for `\section on input line 5689.
Class scrreprt Info: using compatibility default `afterindent=bysign'
(scrreprt)           for `\section on input line 5689.
\scr@dte@part@maxnumwidth=\skip56
Class scrreprt Info: using compatibility default `afterindent=true'
(scrreprt)           for `\part on input line 5698.
\scr@dte@subsection@maxnumwidth=\skip57
Class scrreprt Info: using compatibility default `runin=bysign'
(scrreprt)           for `\subsection on input line 5708.
Class scrreprt Info: using compatibility default `afterindent=bysign'
(scrreprt)           for `\subsection on input line 5708.
\scr@dte@subsubsection@maxnumwidth=\skip58
Class scrreprt Info: using compatibility default `runin=bysign'
(scrreprt)           for `\subsubsection on input line 5718.
Class scrreprt Info: using compatibility default `afterindent=bysign'
(scrreprt)           for `\subsubsection on input line 5718.
\scr@dte@paragraph@maxnumwidth=\skip59
Class scrreprt Info: using compatibility default `runin=bysign'
(scrreprt)           for `\paragraph on input line 5729.
Class scrreprt Info: using compatibility default `afterindent=bysign'
(scrreprt)           for `\paragraph on input line 5729.
\scr@dte@subparagraph@maxnumwidth=\skip60
Class scrreprt Info: using compatibility default `runin=bysign'
(scrreprt)           for `\subparagraph on input line 5739.
Class scrreprt Info: using compatibility default `afterindent=bysign'
(scrreprt)           for `\subparagraph on input line 5739.
\abovecaptionskip=\skip61
\belowcaptionskip=\skip62
\c@pti@nb@sid@b@x=\box48
Package tocbasic Info: babel extension for `lof' omitted
(tocbasic)             because of missing \bbl@set@language on input line 6976.

\scr@dte@figure@maxnumwidth=\skip63
\c@figure=\count187
Package tocbasic Info: babel extension for `lot' omitted
(tocbasic)             because of missing \bbl@set@language on input line 6993.

\scr@dte@table@maxnumwidth=\skip64
\c@table=\count188
Class scrreprt Info: Using old \@makefntext due to compatibility level
(scrreprt)           less than 3.22 on input line 7149.
Class scrreprt Info: Redefining `\numberline' on input line 7162.
\bibindent=\dimen138
)
(C:\Users\Hossam\AppData\Local\Programs\MiKTeX\tex/latex/koma-script\scrhack.st
y
Package: scrhack 2021/03/17 v3.33 KOMA-Script package (hacking other packages)
 (C:\Users\Hossam\AppData\Local\Programs\MiKTeX\tex/latex/xpatch\xpatch.sty
(C:\Users\Hossam\AppData\Local\Programs\MiKTeX\tex/latex/l3kernel\expl3.sty
Package: expl3 2021-02-18 L3 programming layer (loader) 

(C:\Users\Hossam\AppData\Local\Programs\MiKTeX\tex/latex/l3backend\l3backend-pd
ftex.def
File: l3backend-pdftex.def 2021-03-02 L3 backend support: PDF output (pdfTeX)
\l__color_backend_stack_int=\count189
\l__pdf_internal_box=\box49
))
Package: xpatch 2020/03/25 v0.3a Extending etoolbox patching commands

(C:\Users\Hossam\AppData\Local\Programs\MiKTeX\tex/latex/l3packages/xparse\xpar
se.sty
Package: xparse 2020-10-27 L3 Experimental document command parser

(C:\Users\Hossam\AppData\Local\Programs\MiKTeX\tex/latex/l3packages/xparse\xpar
se-generic.tex))
(C:\Users\Hossam\AppData\Local\Programs\MiKTeX\tex/latex/etoolbox\etoolbox.sty
Package: etoolbox 2020/10/05 v2.5k e-TeX tools for LaTeX (JAW)
\etb@tempcnta=\count190
))) (finalthesis.sty (wappen_up.sty)) (fancyheadings.sty
\headrulewidth=\dimen139
\footrulewidth=\dimen140
\plainheadrulewidth=\dimen141
\plainfootrulewidth=\dimen142
\headwidth=\dimen143
)
(C:\Users\Hossam\AppData\Local\Programs\MiKTeX\tex/latex/biblatex\biblatex.sty
Package: biblatex 2020/12/31 v3.16 programmable bibliographies (PK/MW)

(C:\Users\Hossam\AppData\Local\Programs\MiKTeX\tex/generic/pdftexcmds\pdftexcmd
s.sty
Package: pdftexcmds 2020-06-27 v0.33 Utility functions of pdfTeX for LuaTeX (HO
)

(C:\Users\Hossam\AppData\Local\Programs\MiKTeX\tex/generic/infwarerr\infwarerr.
sty
Package: infwarerr 2019/12/03 v1.5 Providing info/warning/error messages (HO)
) (C:\Users\Hossam\AppData\Local\Programs\MiKTeX\tex/generic/iftex\iftex.sty
Package: iftex 2020/03/06 v1.0d TeX engine tests
)
(C:\Users\Hossam\AppData\Local\Programs\MiKTeX\tex/generic/ltxcmds\ltxcmds.sty
Package: ltxcmds 2020-05-10 v1.25 LaTeX kernel commands for general use (HO)
)
Package pdftexcmds Info: \pdf@primitive is available.
Package pdftexcmds Info: \pdf@ifprimitive is available.
Package pdftexcmds Info: \pdfdraftmode found.
)
(C:\Users\Hossam\AppData\Local\Programs\MiKTeX\tex/latex/kvoptions\kvoptions.st
y
Package: kvoptions 2020-10-07 v3.14 Key value format for package options (HO)

(C:\Users\Hossam\AppData\Local\Programs\MiKTeX\tex/generic/kvsetkeys\kvsetkeys.
sty
Package: kvsetkeys 2019/12/15 v1.18 Key value parser (HO)
))
(C:\Users\Hossam\AppData\Local\Programs\MiKTeX\tex/latex/logreq\logreq.sty
Package: logreq 2010/08/04 v1.0 xml request logger
\lrq@indent=\count191

(C:\Users\Hossam\AppData\Local\Programs\MiKTeX\tex/latex/logreq\logreq.def
File: logreq.def 2010/08/04 v1.0 logreq spec v1.0
))
(C:\Users\Hossam\AppData\Local\Programs\MiKTeX\tex/latex/base\ifthen.sty
Package: ifthen 2014/09/29 v1.1c Standard LaTeX ifthen package (DPC)
)
(C:\Users\Hossam\AppData\Local\Programs\MiKTeX\tex/latex/url\url.sty
\Urlmuskip=\muskip16
Package: url 2013/09/16  ver 3.4  Verb mode for urls, etc.
)
\c@tabx@nest=\count192
\c@listtotal=\count193
\c@listcount=\count194
\c@liststart=\count195
\c@liststop=\count196
\c@citecount=\count197
\c@citetotal=\count198
\c@multicitecount=\count199
\c@multicitetotal=\count266
\c@instcount=\count267
\c@maxnames=\count268
\c@minnames=\count269
\c@maxitems=\count270
\c@minitems=\count271
\c@citecounter=\count272
\c@maxcitecounter=\count273
\c@savedcitecounter=\count274
\c@uniquelist=\count275
\c@uniquename=\count276
\c@refsection=\count277
\c@refsegment=\count278
\c@maxextratitle=\count279
\c@maxextratitleyear=\count280
\c@maxextraname=\count281
\c@maxextradate=\count282
\c@maxextraalpha=\count283
\c@abbrvpenalty=\count284
\c@highnamepenalty=\count285
\c@lownamepenalty=\count286
\c@maxparens=\count287
\c@parenlevel=\count288
\blx@tempcnta=\count289
\blx@tempcntb=\count290
\blx@tempcntc=\count291
\blx@maxsection=\count292
\blx@maxsegment@0=\count293
\blx@notetype=\count294
\blx@parenlevel@text=\count295
\blx@parenlevel@foot=\count296
\blx@sectionciteorder@0=\count297
\blx@entrysetcounter=\count298
\blx@biblioinstance=\count299
\labelnumberwidth=\skip65
\labelalphawidth=\skip66
\biblabelsep=\skip67
\bibitemsep=\skip68
\bibnamesep=\skip69
\bibinitsep=\skip70
\bibparsep=\skip71
\bibhang=\skip72
\blx@bcfin=\read2
\blx@bcfout=\write3
\blx@langwohyphens=\language79
\c@mincomprange=\count300
\c@maxcomprange=\count301
\c@mincompwidth=\count302
Package biblatex Info: Trying to load biblatex default data model...
Package biblatex Info: ... file 'blx-dm.def' found.

(C:\Users\Hossam\AppData\Local\Programs\MiKTeX\tex/latex/biblatex\blx-dm.def
File: blx-dm.def 2020/12/31 v3.16 biblatex localization (PK/MW)
)
Package biblatex Info: Trying to load biblatex style data model...
Package biblatex Info: ... file 'numeric.dbx' not found.
Package biblatex Info: Trying to load biblatex custom data model...
Package biblatex Info: ... file 'biblatex-dm.cfg' not found.
\c@afterword=\count303
\c@savedafterword=\count304
\c@annotator=\count305
\c@savedannotator=\count306
\c@author=\count307
\c@savedauthor=\count308
\c@bookauthor=\count309
\c@savedbookauthor=\count310
\c@commentator=\count311
\c@savedcommentator=\count312
\c@editor=\count313
\c@savededitor=\count314
\c@editora=\count315
\c@savededitora=\count316
\c@editorb=\count317
\c@savededitorb=\count318
\c@editorc=\count319
\c@savededitorc=\count320
\c@foreword=\count321
\c@savedforeword=\count322
\c@holder=\count323
\c@savedholder=\count324
\c@introduction=\count325
\c@savedintroduction=\count326
\c@namea=\count327
\c@savednamea=\count328
\c@nameb=\count329
\c@savednameb=\count330
\c@namec=\count331
\c@savednamec=\count332
\c@translator=\count333
\c@savedtranslator=\count334
\c@shortauthor=\count335
\c@savedshortauthor=\count336
\c@shorteditor=\count337
\c@savedshorteditor=\count338
\c@labelname=\count339
\c@savedlabelname=\count340
\c@institution=\count341
\c@savedinstitution=\count342
\c@lista=\count343
\c@savedlista=\count344
\c@listb=\count345
\c@savedlistb=\count346
\c@listc=\count347
\c@savedlistc=\count348
\c@listd=\count349
\c@savedlistd=\count350
\c@liste=\count351
\c@savedliste=\count352
\c@listf=\count353
\c@savedlistf=\count354
\c@location=\count355
\c@savedlocation=\count356
\c@organization=\count357
\c@savedorganization=\count358
\c@origlocation=\count359
\c@savedoriglocation=\count360
\c@origpublisher=\count361
\c@savedorigpublisher=\count362
\c@publisher=\count363
\c@savedpublisher=\count364
\c@language=\count365
\c@savedlanguage=\count366
\c@origlanguage=\count367
\c@savedoriglanguage=\count368
\c@pageref=\count369
\c@savedpageref=\count370
\shorthandwidth=\skip73
\shortjournalwidth=\skip74
\shortserieswidth=\skip75
\shorttitlewidth=\skip76
\shortauthorwidth=\skip77
\shorteditorwidth=\skip78
\locallabelnumberwidth=\skip79
\locallabelalphawidth=\skip80
\localshorthandwidth=\skip81
\localshortjournalwidth=\skip82
\localshortserieswidth=\skip83
\localshorttitlewidth=\skip84
\localshortauthorwidth=\skip85
\localshorteditorwidth=\skip86
Package biblatex Info: Trying to load compatibility code...
Package biblatex Info: ... file 'blx-compat.def' found.

(C:\Users\Hossam\AppData\Local\Programs\MiKTeX\tex/latex/biblatex\blx-compat.de
f
File: blx-compat.def 2020/12/31 v3.16 biblatex compatibility (PK/MW)
)
Package biblatex Info: Trying to load generic definitions...
Package biblatex Info: ... file 'biblatex.def' found.

(C:\Users\Hossam\AppData\Local\Programs\MiKTeX\tex/latex/biblatex\biblatex.def
File: biblatex.def 2020/12/31 v3.16 biblatex compatibility (PK/MW)
\c@textcitecount=\count371
\c@textcitetotal=\count372
\c@textcitemaxnames=\count373
\c@biburlbigbreakpenalty=\count374
\c@biburlbreakpenalty=\count375
\c@biburlnumpenalty=\count376
\c@biburlucpenalty=\count377
\c@biburllcpenalty=\count378
\biburlbigskip=\muskip17
\biburlnumskip=\muskip18
\biburlucskip=\muskip19
\biburllcskip=\muskip20
\c@smartand=\count379
)
Package biblatex Info: Trying to load bibliography style 'numeric'...
Package biblatex Info: ... file 'numeric.bbx' found.

(C:\Users\Hossam\AppData\Local\Programs\MiKTeX\tex/latex/biblatex/bbx\numeric.b
bx
File: numeric.bbx 2020/12/31 v3.16 biblatex bibliography style (PK/MW)
Package biblatex Info: Trying to load bibliography style 'standard'...
Package biblatex Info: ... file 'standard.bbx' found.

(C:\Users\Hossam\AppData\Local\Programs\MiKTeX\tex/latex/biblatex/bbx\standard.
bbx
File: standard.bbx 2020/12/31 v3.16 biblatex bibliography style (PK/MW)
\c@bbx:relatedcount=\count380
\c@bbx:relatedtotal=\count381
))
Package biblatex Info: Trying to load citation style 'numeric'...
Package biblatex Info: ... file 'numeric.cbx' found.

(C:\Users\Hossam\AppData\Local\Programs\MiKTeX\tex/latex/biblatex/cbx\numeric.c
bx
File: numeric.cbx 2020/12/31 v3.16 biblatex citation style (PK/MW)
Package biblatex Info: Redefining '\cite'.
Package biblatex Info: Redefining '\parencite'.
Package biblatex Info: Redefining '\footcite'.
Package biblatex Info: Redefining '\footcitetext'.
Package biblatex Info: Redefining '\smartcite'.
Package biblatex Info: Redefining '\supercite'.
Package biblatex Info: Redefining '\textcite'.
Package biblatex Info: Redefining '\textcites'.
Package biblatex Info: Redefining '\cites'.
Package biblatex Info: Redefining '\parencites'.
Package biblatex Info: Redefining '\smartcites'.
)
Package biblatex Info: Trying to load configuration file...
Package biblatex Info: ... file 'biblatex.cfg' found.

(C:\Users\Hossam\AppData\Local\Programs\MiKTeX\tex/latex/biblatex\biblatex.cfg
File: biblatex.cfg 
)) (C:\Users\Hossam\AppData\Local\Programs\MiKTeX\tex/latex/pdfsync\pdfsync.sty
Package: pdfsync 2008/01/26 v1.1
) (C:\Users\Hossam\AppData\Local\Programs\MiKTeX\tex/generic/babel\babel.sty
Package: babel 2021/03/03 3.55 The Babel package

(C:\Users\Hossam\AppData\Local\Programs\MiKTeX\tex/generic/babel\babel.def
File: babel.def 2021/03/03 3.55 Babel common definitions
\babel@savecnt=\count382
\U@D=\dimen144
\l@babelnohyphens=\language80

(C:\Users\Hossam\AppData\Local\Programs\MiKTeX\tex/generic/babel\txtbabel.def)
\bbl@readstream=\read3
)
\bbl@dirlevel=\count383
*************************************
* Local config file bblopts.cfg used
*
(C:\Users\Hossam\AppData\Local\Programs\MiKTeX\tex/latex/arabi\bblopts.cfg
File: bblopts.cfg 2005/09/08 v0.1 add Arabic and Farsi to "declared" options of
 babel
)
(C:\Users\Hossam\AppData\Local\Programs\MiKTeX\tex/latex/babel-german\ngerman.l
df
Language: ngerman 2021/02/27 v2.13 German support for babel (post-1996 orthogra
phy)

(C:\Users\Hossam\AppData\Local\Programs\MiKTeX\tex/latex/babel-german\ngermanb.
ldf
Language: ngermanb 2021/02/27 v2.13 German support for babel (post-1996 orthogr
aphy)
Package babel Info: Making " an active character on input line 122.
))
(C:\Users\Hossam\AppData\Local\Programs\MiKTeX\tex/latex/babel-english\english.
ldf
Language: english 2017/06/06 v3.3r English support from the babel system
Package babel Info: \l@canadian = using hyphenrules for english
(babel)             (\language0) on input line 102.
Package babel Info: \l@australian = using hyphenrules for ukenglish
(babel)             (\language73) on input line 105.
Package babel Info: \l@newzealand = using hyphenrules for ukenglish
(babel)             (\language73) on input line 108.
))
(C:\Users\Hossam\AppData\Local\Programs\MiKTeX\tex/latex/base\inputenc.sty
Package: inputenc 2020/08/01 v1.3d Input encoding file
\inpenc@prehook=\toks16
\inpenc@posthook=\toks17
)
(C:\Users\Hossam\AppData\Local\Programs\MiKTeX\tex/latex/graphics\epsfig.sty
Package: epsfig 2017/06/25 v1.7b (e)psfig emulation (SPQR)

(C:\Users\Hossam\AppData\Local\Programs\MiKTeX\tex/latex/graphics\graphicx.sty
Package: graphicx 2020/09/09 v1.2b Enhanced LaTeX Graphics (DPC,SPQR)

(C:\Users\Hossam\AppData\Local\Programs\MiKTeX\tex/latex/graphics\graphics.sty
Package: graphics 2020/08/30 v1.4c Standard LaTeX Graphics (DPC,SPQR)

(C:\Users\Hossam\AppData\Local\Programs\MiKTeX\tex/latex/graphics\trig.sty
Package: trig 2016/01/03 v1.10 sin cos tan (DPC)
)
(C:\Users\Hossam\AppData\Local\Programs\MiKTeX\tex/latex/graphics-cfg\graphics.
cfg
File: graphics.cfg 2016/06/04 v1.11 sample graphics configuration
)
Package graphics Info: Driver file: pdftex.def on input line 105.

(C:\Users\Hossam\AppData\Local\Programs\MiKTeX\tex/latex/graphics-def\pdftex.de
f
File: pdftex.def 2020/10/05 v1.2a Graphics/color driver for pdftex
))
\Gin@req@height=\dimen145
\Gin@req@width=\dimen146
)
\epsfxsize=\dimen147
\epsfysize=\dimen148
) (C:\Users\Hossam\AppData\Local\Programs\MiKTeX\tex/generic/xypic\xy.sty
(C:\Users\Hossam\AppData\Local\Programs\MiKTeX\tex/generic/xypic\xy.tex
Bootstrap'ing: catcodes, docmode,
(C:\Users\Hossam\AppData\Local\Programs\MiKTeX\tex/generic/xypic\xyrecat.tex)
(C:\Users\Hossam\AppData\Local\Programs\MiKTeX\tex/generic/xypic\xyidioms.tex)

 Xy-pic version 3.8.9 <2013/10/06>
 Copyright (c) 1991-2013 by Kristoffer H. Rose <krisrose@tug.org> and others
 Xy-pic is free software: see the User's Guide for details.

Loading kernel: messages; fonts; allocations: state,
\X@c=\dimen149
\Y@c=\dimen150
\U@c=\dimen151
\D@c=\dimen152
\L@c=\dimen153
\R@c=\dimen154
\Edge@c=\toks18
\X@p=\dimen155
\Y@p=\dimen156
\U@p=\dimen157
\D@p=\dimen158
\L@p=\dimen159
\R@p=\dimen160
\Edge@p=\toks19
\X@origin=\dimen161
\Y@origin=\dimen162
\X@xbase=\dimen163
\Y@xbase=\dimen164
\X@ybase=\dimen165
\Y@ybase=\dimen166
\X@min=\dimen167
\Y@min=\dimen168
\X@max=\dimen169
\Y@max=\dimen170
\lastobjectbox@=\box50
\zerodotbox@=\box51
\almostz@=\dimen171
 direction,
\d@X=\dimen172
\d@Y=\dimen173
\K@=\count384
\KK@=\count385
\Direction=\count386
\K@dXdY=\dimen174
\K@dYdX=\dimen175
\xyread@=\read4
\xywrite@=\write4
\csp@=\count387
\quotPTK@=\dimen176

utility macros; pictures: \xy, positions,
\swaptoks@@=\toks20
\connectobjectbox@@=\box52
 objects,
\styletoks@=\toks21
 decorations;
kernel objects: directionals, circles, text; options; algorithms: directions,
edges, connections;  Xy-pic loaded)
(C:\Users\Hossam\AppData\Local\Programs\MiKTeX\tex/generic/iftex\ifpdf.sty
Package: ifpdf 2019/10/25 v3.4 ifpdf legacy package. Use iftex instead.
)
Package: xy 2013/10/06 Xy-pic version 3.8.9

(C:\Users\Hossam\AppData\Local\Programs\MiKTeX\tex/generic/xypic\xyall.tex
 Xy-pic option: All features v.3.8
(C:\Users\Hossam\AppData\Local\Programs\MiKTeX\tex/generic/xypic\xycurve.tex
 Xy-pic option: Curve and Spline extension v.3.12 curve,
\crv@cnt@=\count388
\crvpts@=\toks22
\splinebox@=\box53
\splineval@=\dimen177
\splinedepth@=\dimen178
\splinetol@=\dimen179
\splinelength@=\dimen180
 circles,
\L@=\dimen181
 loaded)
(C:\Users\Hossam\AppData\Local\Programs\MiKTeX\tex/generic/xypic\xyframe.tex
 Xy-pic option: Frame and Bracket extension v.3.14 loaded)
(C:\Users\Hossam\AppData\Local\Programs\MiKTeX\tex/generic/xypic\xycmtip.tex
 Xy-pic option: Computer Modern tip extension v.3.7
(C:\Users\Hossam\AppData\Local\Programs\MiKTeX\tex/generic/xypic\xytips.tex
 Xy-pic option: More Tips extension v.3.11 loaded) loaded)
(C:\Users\Hossam\AppData\Local\Programs\MiKTeX\tex/generic/xypic\xyline.tex
 Xy-pic option: Line styles extension v.3.10
\xylinethick@=\dimen182
 loaded)
(C:\Users\Hossam\AppData\Local\Programs\MiKTeX\tex/generic/xypic\xyrotate.tex
 Xy-pic option: Rotate and Scale extension v.3.8 loaded)
(C:\Users\Hossam\AppData\Local\Programs\MiKTeX\tex/generic/xypic\xycolor.tex
 Xy-pic option: Colour extension v.3.11 loaded)
(C:\Users\Hossam\AppData\Local\Programs\MiKTeX\tex/generic/xypic\xymatrix.tex
 Xy-pic option: Matrix feature v.3.14
\Row=\count389
\Col=\count390
\queue@=\toks23
\queue@@=\toks24
\qcount@=\count391
\qcount@@=\count392
\matrixsize@=\count393
 loaded)
(C:\Users\Hossam\AppData\Local\Programs\MiKTeX\tex/generic/xypic\xyarrow.tex
 Xy-pic option: Arrow and Path feature v.3.9 path, \ar, loaded)
(C:\Users\Hossam\AppData\Local\Programs\MiKTeX\tex/generic/xypic\xygraph.tex
 Xy-pic option: Graph feature v.3.11 loaded) loaded)
(C:\Users\Hossam\AppData\Local\Programs\MiKTeX\tex/generic/xypic\xypdf.tex
 Xy-pic option: PDF driver v.1.7 Xy-pic pdf driver: `color' extension support
(C:\Users\Hossam\AppData\Local\Programs\MiKTeX\tex/generic/xypic\xypdf-co.tex
loaded) Xy-pic pdf driver: `curve' extension support
(C:\Users\Hossam\AppData\Local\Programs\MiKTeX\tex/generic/xypic\xypdf-cu.tex
loaded) Xy-pic pdf driver: `frame' extension support
(C:\Users\Hossam\AppData\Local\Programs\MiKTeX\tex/generic/xypic\xypdf-fr.tex
loaded) Xy-pic pdf driver: `line' extension support
(C:\Users\Hossam\AppData\Local\Programs\MiKTeX\tex/generic/xypic\xypdf-li.tex
loaded) Xy-pic pdf driver: `rotate' extension support
(C:\Users\Hossam\AppData\Local\Programs\MiKTeX\tex/generic/xypic\xypdf-ro.tex
loaded) loaded))
(C:\Users\Hossam\AppData\Local\Programs\MiKTeX\tex/latex/a4wide\a4wide.sty
Package: a4wide 1994/08/30

(C:\Users\Hossam\AppData\Local\Programs\MiKTeX\tex/latex/ntgclass\a4.sty
Package: a4 2020/02/18 v1.2g A4 based page layout
))
(C:\Users\Hossam\AppData\Local\Programs\MiKTeX\tex/latex/latex-tools\longtable.
sty
Package: longtable 2020/01/07 v4.13 Multi-page Table package (DPC)
\LTleft=\skip87
\LTright=\skip88
\LTpre=\skip89
\LTpost=\skip90
\LTchunksize=\count394
\LTcapwidth=\dimen183
\LT@head=\box54
\LT@firsthead=\box55
\LT@foot=\box56
\LT@lastfoot=\box57
\LT@cols=\count395
\LT@rows=\count396
\c@LT@tables=\count397
\c@LT@chunks=\count398
\LT@p@ftn=\toks25
)
Class scrreprt Info: longtable captions redefined on input line 20.

(C:\Users\Hossam\AppData\Local\Programs\MiKTeX\tex/latex/latex-tools\multicol.s
ty
Package: multicol 2019/12/09 v1.8y multicolumn formatting (FMi)
\c@tracingmulticols=\count399
\mult@box=\box58
\multicol@leftmargin=\dimen184
\c@unbalance=\count400
\c@collectmore=\count401
\doublecol@number=\count402
\multicoltolerance=\count403
\multicolpretolerance=\count404
\full@width=\dimen185
\page@free=\dimen186
\premulticols=\dimen187
\postmulticols=\dimen188
\multicolsep=\skip91
\multicolbaselineskip=\skip92
\partial@page=\box59
\last@line=\box60
\maxbalancingoverflow=\dimen189
\mult@rightbox=\box61
\mult@grightbox=\box62
\mult@gfirstbox=\box63
\mult@firstbox=\box64
\@tempa=\box65
\@tempa=\box66
\@tempa=\box67
\@tempa=\box68
\@tempa=\box69
\@tempa=\box70
\@tempa=\box71
\@tempa=\box72
\@tempa=\box73
\@tempa=\box74
\@tempa=\box75
\@tempa=\box76
\@tempa=\box77
\@tempa=\box78
\@tempa=\box79
\@tempa=\box80
\@tempa=\box81
\@tempa=\box82
\@tempa=\box83
\@tempa=\box84
\@tempa=\box85
\@tempa=\box86
\@tempa=\box87
\@tempa=\box88
\@tempa=\box89
\@tempa=\box90
\@tempa=\box91
\@tempa=\box92
\@tempa=\box93
\@tempa=\box94
\@tempa=\box95
\@tempa=\box96
\@tempa=\box97
\@tempa=\box98
\@tempa=\box99
\@tempa=\box100
\@tempa=\box101
\c@minrows=\count405
\c@columnbadness=\count406
\c@finalcolumnbadness=\count407
\last@try=\dimen190
\multicolovershoot=\dimen191
\multicolundershoot=\dimen192
\mult@nat@firstbox=\box102
\colbreak@box=\box103
\mc@col@check@num=\count408
)
(C:\Users\Hossam\AppData\Local\Programs\MiKTeX\tex/latex/eurosym\eurosym.sty
Package: eurosym 1998/08/06 v1.1 European currency symbol ``Euro''
\@eurobox=\box104
)
(C:\Users\Hossam\AppData\Local\Programs\MiKTeX\tex/latex/base\alltt.sty
Package: alltt 1997/06/16 v2.0g defines alltt environment
)
(C:\Users\Hossam\AppData\Local\Programs\MiKTeX\tex/latex/caption\caption.sty
Package: caption 2020/10/26 v3.5g Customizing captions (AR)

(C:\Users\Hossam\AppData\Local\Programs\MiKTeX\tex/latex/caption\caption3.sty
Package: caption3 2020/10/21 v2.2e caption3 kernel (AR)
\captionmargin=\dimen193
\captionmargin@=\dimen194
\captionwidth=\dimen195
\caption@tempdima=\dimen196
\caption@indent=\dimen197
\caption@parindent=\dimen198
\caption@hangindent=\dimen199
Package caption Info: KOMA-Script document class detected.

(C:\Users\Hossam\AppData\Local\Programs\MiKTeX\tex/latex/caption\caption-koma.s
to
File: caption-koma.sto 2020/09/21 v2.0b Adaption of the caption package to the 
KOMA-Script document classes (AR)
))
\c@caption@flags=\count409
\c@continuedfloat=\count410
Package caption Info: longtable package is loaded.

(C:\Users\Hossam\AppData\Local\Programs\MiKTeX\tex/latex/caption\ltcaption.sty
Package: ltcaption 2020/05/30 v1.4b longtable captions (AR)
)) (C:\Users\Hossam\AppData\Local\Programs\MiKTeX\tex/latex/psnfss\helvet.sty
Package: helvet 2020/03/25 PSNFSS-v9.3 (WaS) 
)
Package scrhack Info: hyperref hack deactivated because of
(scrhack)             detection of KOMA-Script class, that doesn't
(scrhack)             need that hack, on input line 25.

(C:\Users\Hossam\AppData\Local\Programs\MiKTeX\tex/latex/hyperref\hyperref.sty
Package: hyperref 2021-02-27 v7.00k Hypertext links for LaTeX

(C:\Users\Hossam\AppData\Local\Programs\MiKTeX\tex/generic/kvdefinekeys\kvdefin
ekeys.sty
Package: kvdefinekeys 2019-12-19 v1.6 Define keys (HO)
)
(C:\Users\Hossam\AppData\Local\Programs\MiKTeX\tex/generic/pdfescape\pdfescape.
sty
Package: pdfescape 2019/12/09 v1.15 Implements pdfTeX's escape features (HO)
)
(C:\Users\Hossam\AppData\Local\Programs\MiKTeX\tex/latex/hycolor\hycolor.sty
Package: hycolor 2020-01-27 v1.10 Color options for hyperref/bookmark (HO)
)
(C:\Users\Hossam\AppData\Local\Programs\MiKTeX\tex/latex/letltxmacro\letltxmacr
o.sty
Package: letltxmacro 2019/12/03 v1.6 Let assignment for LaTeX macros (HO)
)
(C:\Users\Hossam\AppData\Local\Programs\MiKTeX\tex/latex/auxhook\auxhook.sty
Package: auxhook 2019-12-17 v1.6 Hooks for auxiliary files (HO)
)
\@linkdim=\dimen256
\Hy@linkcounter=\count411
\Hy@pagecounter=\count412

(C:\Users\Hossam\AppData\Local\Programs\MiKTeX\tex/latex/hyperref\pd1enc.def
File: pd1enc.def 2021-02-27 v7.00k Hyperref: PDFDocEncoding definition (HO)
Now handling font encoding PD1 ...
... no UTF-8 mapping file for font encoding PD1
)
(C:\Users\Hossam\AppData\Local\Programs\MiKTeX\tex/latex/hyperref\hyperref-lang
patches.def
File: hyperref-langpatches.def 2021-02-27 v7.00k Hyperref: patches for babel la
nguages
)
(C:\Users\Hossam\AppData\Local\Programs\MiKTeX\tex/generic/intcalc\intcalc.sty
Package: intcalc 2019/12/15 v1.3 Expandable calculations with integers (HO)
)
(C:\Users\Hossam\AppData\Local\Programs\MiKTeX\tex/generic/etexcmds\etexcmds.st
y
Package: etexcmds 2019/12/15 v1.7 Avoid name clashes with e-TeX commands (HO)
)
\Hy@SavedSpaceFactor=\count413
 (C:\Users\Hossam\AppData\Local\Programs\MiKTeX\tex/latex/hyperref\puenc.def
File: puenc.def 2021-02-27 v7.00k Hyperref: PDF Unicode definition (HO)
Now handling font encoding PU ...
... no UTF-8 mapping file for font encoding PU
)
Package hyperref Info: Hyper figures OFF on input line 4192.
Package hyperref Info: Link nesting OFF on input line 4197.
Package hyperref Info: Hyper index ON on input line 4200.
Package hyperref Info: Plain pages OFF on input line 4207.
Package hyperref Info: Backreferencing OFF on input line 4212.
Package hyperref Info: Implicit mode ON; LaTeX internals redefined.
Package hyperref Info: Bookmarks ON on input line 4445.
\c@Hy@tempcnt=\count414
LaTeX Info: Redefining \url on input line 4804.
\XeTeXLinkMargin=\dimen257
(C:\Users\Hossam\AppData\Local\Programs\MiKTeX\tex/generic/bitset\bitset.sty
Package: bitset 2019/12/09 v1.3 Handle bit-vector datatype (HO)

(C:\Users\Hossam\AppData\Local\Programs\MiKTeX\tex/generic/bigintcalc\bigintcal
c.sty
Package: bigintcalc 2019/12/15 v1.5 Expandable calculations on big integers (HO
)
))
\Fld@menulength=\count415
\Field@Width=\dimen258
\Fld@charsize=\dimen259
Package hyperref Info: Hyper figures OFF on input line 6075.
Package hyperref Info: Link nesting OFF on input line 6080.
Package hyperref Info: Hyper index ON on input line 6083.
Package hyperref Info: backreferencing OFF on input line 6090.
Package hyperref Info: Link coloring OFF on input line 6095.
Package hyperref Info: Link coloring with OCG OFF on input line 6100.
Package hyperref Info: PDF/A mode OFF on input line 6105.
LaTeX Info: Redefining \ref on input line 6145.
LaTeX Info: Redefining \pageref on input line 6149.

(C:\Users\Hossam\AppData\Local\Programs\MiKTeX\tex/latex/base\atbegshi-ltx.sty
Package: atbegshi-ltx 2020/08/17 v1.0a Emulation of the original atbegshi packa
ge
with kernel methods
)
\Hy@abspage=\count416
\c@Item=\count417
\c@Hfootnote=\count418
)
Package hyperref Info: Driver (autodetected): hpdftex.
 (C:\Users\Hossam\AppData\Local\Programs\MiKTeX\tex/latex/hyperref\hpdftex.def
File: hpdftex.def 2021-02-27 v7.00k Hyperref driver for pdfTeX

(C:\Users\Hossam\AppData\Local\Programs\MiKTeX\tex/latex/base\atveryend-ltx.sty
Package: atveryend-ltx 2020/08/19 v1.0a Emulation of the original atvery packag
e
with kernel methods
)
\Fld@listcount=\count419
\c@bookmark@seq@number=\count420

(C:\Users\Hossam\AppData\Local\Programs\MiKTeX\tex/latex/rerunfilecheck\rerunfi
lecheck.sty
Package: rerunfilecheck 2019/12/05 v1.9 Rerun checks for auxiliary files (HO)

(C:\Users\Hossam\AppData\Local\Programs\MiKTeX\tex/generic/uniquecounter\unique
counter.sty
Package: uniquecounter 2019/12/15 v1.4 Provide unlimited unique counter (HO)
)
Package uniquecounter Info: New unique counter `rerunfilecheck' on input line 2
86.
)
\Hy@SectionHShift=\skip93
)
(C:\Users\Hossam\AppData\Local\Programs\MiKTeX\tex/latex/setspace\setspace.sty
Package: setspace 2011/12/19 v6.7a set line spacing
)
Package scrhack Info: loading setspace hack on input line 26.

(C:\Users\Hossam\AppData\Local\Programs\MiKTeX\tex/latex/koma-script\setspace.h
ak
File: setspace.hak 2021/03/17 v3.33 KOMA-Script scrhack part (hacking package s
etspace)
) (C:\Users\Hossam\AppData\Local\Programs\MiKTeX\tex/latex/srcltx\srcltx.sty
Package: srcltx 2006/11/12 v1.6 Source specials for inverse search in DVI files

\src@lastline=\count421
\src@new@everypar=\toks26
\src@new@output=\toks27
) (C:\Users\Hossam\AppData\Local\Programs\MiKTeX\tex/latex/cancel\cancel.sty
Package: cancel 2013/04/12 v2.2 Cancel math terms
)
(C:\Users\Hossam\AppData\Local\Programs\MiKTeX\tex/latex/eepic\eepic.sty
Extension to Epic and LaTeX. Version 1.1e - Released Dec 21, 1999
\@gphlinewidth=\count422
\@eepictcnt=\count423
\@tempdimc=\dimen260
\maxovaldiam=\dimen261
\@filltype=\box105
) (C:\Users\Hossam\AppData\Local\Programs\MiKTeX\tex/latex/eepic\epic.sty
Enhancements to Picture Environment. Version 1.2 - Released June 1, 1986
\@@multicnt=\count424
\d@lta=\count425
\@delta=\dimen262
\@@delta=\dimen263
\@gridcnt=\count426
\@joinkind=\count427
\@dotgap=\dimen264
\@ddotgap=\dimen265
\@x@diff=\count428
\@y@diff=\count429
\x@diff=\dimen266
\y@diff=\dimen267
\@dotbox=\box106
\num@segments=\count430
\num@segmentsi=\count431
\@datafile=\read5
)
(C:\Users\Hossam\AppData\Local\Programs\MiKTeX\tex/latex/latex-tools\enumerate.
sty
Package: enumerate 2015/07/23 v3.00 enumerate extensions (DPC)
\@enLab=\toks28
)
(C:\Users\Hossam\AppData\Local\Programs\MiKTeX\tex/latex/graphics\color.sty
Package: color 2020/02/24 v1.2b Standard LaTeX Color (DPC)

(C:\Users\Hossam\AppData\Local\Programs\MiKTeX\tex/latex/graphics-cfg\color.cfg
File: color.cfg 2016/01/02 v1.6 sample color configuration
)
Package color Info: Driver file: pdftex.def on input line 147.
) (C:\Users\Hossam\AppData\Local\Programs\MiKTeX\tex/latex/xcolor\xcolor.sty
Package: xcolor 2016/05/11 v2.12 LaTeX color extensions (UK)

(C:\Users\Hossam\AppData\Local\Programs\MiKTeX\tex/latex/graphics-cfg\color.cfg
File: color.cfg 2016/01/02 v1.6 sample color configuration
)
Package xcolor Info: Driver file: pdftex.def on input line 225.
LaTeX Info: Redefining \color on input line 709.
Package xcolor Info: Model `cmy' substituted by `cmy0' on input line 1348.
Package xcolor Info: Model `hsb' substituted by `rgb' on input line 1352.
Package xcolor Info: Model `RGB' extended on input line 1364.
Package xcolor Info: Model `HTML' substituted by `rgb' on input line 1366.
Package xcolor Info: Model `Hsb' substituted by `hsb' on input line 1367.
Package xcolor Info: Model `tHsb' substituted by `hsb' on input line 1368.
Package xcolor Info: Model `HSB' substituted by `hsb' on input line 1369.
Package xcolor Info: Model `Gray' substituted by `gray' on input line 1370.
Package xcolor Info: Model `wave' substituted by `hsb' on input line 1371.
)
(C:\Users\Hossam\AppData\Local\Programs\MiKTeX\tex/latex/colortbl\colortbl.sty
Package: colortbl 2020/01/04 v1.0e Color table columns (DPC)

(C:\Users\Hossam\AppData\Local\Programs\MiKTeX\tex/latex/latex-tools\array.sty
Package: array 2020/10/01 v2.5c Tabular extension package (FMi)
\col@sep=\dimen268
\ar@mcellbox=\box107
\extrarowheight=\dimen269
\NC@list=\toks29
\extratabsurround=\skip94
\backup@length=\skip95
\ar@cellbox=\box108
)
\everycr=\toks30
\minrowclearance=\skip96
)
(C:\Users\Hossam\AppData\Local\Programs\MiKTeX\tex/latex/multirow\bigstrut.sty
Package: bigstrut 2021/01/29 v2.7 Provide larger struts in tabulars
\bigstrutjot=\dimen270
) (C:\Users\Hossam\AppData\Local\Programs\MiKTeX\tex/latex/amsfonts\amssymb.sty
Package: amssymb 2013/01/14 v3.01 AMS font symbols

(C:\Users\Hossam\AppData\Local\Programs\MiKTeX\tex/latex/amsfonts\amsfonts.sty
Package: amsfonts 2013/01/14 v3.01 Basic AMSFonts support
\@emptytoks=\toks31
\symAMSa=\mathgroup4
\symAMSb=\mathgroup5
LaTeX Font Info:    Redeclaring math symbol \hbar on input line 98.
LaTeX Font Info:    Overwriting math alphabet `\mathfrak' in version `bold'
(Font)                  U/euf/m/n --> U/euf/b/n on input line 106.
)) (C:\Users\Hossam\AppData\Local\Programs\MiKTeX\tex/latex/amsmath\amsmath.sty
Package: amsmath 2020/09/23 v2.17i AMS math features
\@mathmargin=\skip97

For additional information on amsmath, use the `?' option.
(C:\Users\Hossam\AppData\Local\Programs\MiKTeX\tex/latex/amsmath\amstext.sty
Package: amstext 2000/06/29 v2.01 AMS text

(C:\Users\Hossam\AppData\Local\Programs\MiKTeX\tex/latex/amsmath\amsgen.sty
File: amsgen.sty 1999/11/30 v2.0 generic functions
\@emptytoks=\toks32
\ex@=\dimen271
))
(C:\Users\Hossam\AppData\Local\Programs\MiKTeX\tex/latex/amsmath\amsbsy.sty
Package: amsbsy 1999/11/29 v1.2d Bold Symbols
\pmbraise@=\dimen272
)
(C:\Users\Hossam\AppData\Local\Programs\MiKTeX\tex/latex/amsmath\amsopn.sty
Package: amsopn 2016/03/08 v2.02 operator names
)
\inf@bad=\count432
LaTeX Info: Redefining \frac on input line 234.
\uproot@=\count433
\leftroot@=\count434
LaTeX Info: Redefining \overline on input line 399.
\classnum@=\count435
\DOTSCASE@=\count436
LaTeX Info: Redefining \ldots on input line 496.
LaTeX Info: Redefining \dots on input line 499.
LaTeX Info: Redefining \cdots on input line 620.
\Mathstrutbox@=\box109
\strutbox@=\box110
\big@size=\dimen273
LaTeX Font Info:    Redeclaring font encoding OML on input line 743.
LaTeX Font Info:    Redeclaring font encoding OMS on input line 744.
\macc@depth=\count437
\c@MaxMatrixCols=\count438
\dotsspace@=\muskip21
\c@parentequation=\count439
\dspbrk@lvl=\count440
\tag@help=\toks33
\row@=\count441
\column@=\count442
\maxfields@=\count443
\andhelp@=\toks34
\eqnshift@=\dimen274
\alignsep@=\dimen275
\tagshift@=\dimen276
\tagwidth@=\dimen277
\totwidth@=\dimen278
\lineht@=\dimen279
\@envbody=\toks35
\multlinegap=\skip98
\multlinetaggap=\skip99
\mathdisplay@stack=\toks36
LaTeX Info: Redefining \[ on input line 2923.
LaTeX Info: Redefining \] on input line 2924.
)
(C:\Users\Hossam\AppData\Local\Programs\MiKTeX\tex/latex/amscls\amsthm.sty
Package: amsthm 2020/05/29 v2.20.6
\thm@style=\toks37
\thm@bodyfont=\toks38
\thm@headfont=\toks39
\thm@notefont=\toks40
\thm@headpunct=\toks41
\thm@preskip=\skip100
\thm@postskip=\skip101
\thm@headsep=\skip102
\dth@everypar=\toks42
)
Class scrreprt Info: amsthm's \deferred@thm@head patched.

(C:\Users\Hossam\AppData\Local\Programs\MiKTeX\tex/latex/algorithms\algorithm.s
ty
Package: algorithm 2009/08/24 v0.1 Document Style `algorithm' - floating enviro
nment
 (C:\Users\Hossam\AppData\Local\Programs\MiKTeX\tex/latex/float\float.sty
Package: float 2001/11/08 v1.3d Float enhancements (AL)
\c@float@type=\count444
\float@exts=\toks43
\float@box=\box111
\@float@everytoks=\toks44
\@floatcapt=\box112
)
Package scrhack Info: loading float hack on input line 32.
Package srcltx Info: Expanded filename `float.hak' to `float.hak.tex' on input 
line 32.

:<+ float.hak.tex
(C:\Users\Hossam\AppData\Local\Programs\MiKTeX\tex/latex/koma-script\float.hak
File: float.hak 2021/03/17 v3.33 KOMA-Script scrhack part (hacking package floa
t)
Package scrhack Info: redefining \newfloat on input line 163.
Package scrhack Info: redefining \listof on input line 163.
Package scrhack Info: undefining \float@addtolists on input line 163.
)
:<-
Package tocbasic Info: setting babel extension for `loa' on input line 95.
\@float@every@algorithm=\toks45
\c@algorithm=\count445
)
(C:\Users\Hossam\AppData\Local\Programs\MiKTeX\tex/latex/algorithmicx\algpseudo
code.sty
Package: algpseudocode 

(C:\Users\Hossam\AppData\Local\Programs\MiKTeX\tex/latex/algorithmicx\algorithm
icx.sty
Package: algorithmicx 2005/04/27 v1.2 Algorithmicx

Document Style algorithmicx 1.2 - a greatly improved `algorithmic' style
\c@ALG@line=\count446
\c@ALG@rem=\count447
\c@ALG@nested=\count448
\ALG@tlm=\skip103
\ALG@thistlm=\skip104
\c@ALG@Lnr=\count449
\c@ALG@blocknr=\count450
\c@ALG@storecount=\count451
\c@ALG@tmpcounter=\count452
\ALG@tmplength=\skip105
)
Document Style - pseudocode environments for use with the `algorithmicx' style
) (C:\Users\Hossam\AppData\Local\Programs\MiKTeX\tex/latex/ulem\ulem.sty
\UL@box=\box113
\UL@hyphenbox=\box114
\UL@skip=\skip106
\UL@hook=\toks46
\UL@height=\dimen280
\UL@pe=\count453
\UL@pixel=\dimen281
\ULC@box=\box115
Package: ulem 2019/11/18
\ULdepth=\dimen282
)
(C:\Users\Hossam\AppData\Local\Programs\MiKTeX\tex/latex/glossaries-extra\gloss
aries-extra.sty
Package: glossaries-extra 2020/04/01 v1.45 (NLCT)

(C:\Users\Hossam\AppData\Local\Programs\MiKTeX\tex/latex/xkeyval\xkeyval.sty
Package: xkeyval 2020/11/20 v2.8 package option processing (HA)

(C:\Users\Hossam\AppData\Local\Programs\MiKTeX\tex/generic/xkeyval\xkeyval.tex
(C:\Users\Hossam\AppData\Local\Programs\MiKTeX\tex/generic/xkeyval\xkvutils.tex
\XKV@toks=\toks47
\XKV@tempa@toks=\toks48
)
\XKV@depth=\count454
File: xkeyval.tex 2014/12/03 v2.7a key=value parser (HA)
))
(C:\Users\Hossam\AppData\Local\Programs\MiKTeX\tex/latex/glossaries/base\glossa
ries.sty
Package: glossaries 2020/03/19 v4.46 (NLCT)

(C:\Users\Hossam\AppData\Local\Programs\MiKTeX\tex/latex/mfirstuc\mfirstuc.sty
Package: mfirstuc 2017/11/14 v2.06 (NLCT)
\@glsmfirst=\toks49
\@glsmrest=\toks50
) (C:\Users\Hossam\AppData\Local\Programs\MiKTeX\tex/latex/textcase\textcase.st
y
Package: textcase 2019/09/14 v1.00 Text only upper/lower case changing (DPC)
) (C:\Users\Hossam\AppData\Local\Programs\MiKTeX\tex/latex/xfor\xfor.sty
Package: xfor 2009/02/05 v1.05 (NLCT)
)
(C:\Users\Hossam\AppData\Local\Programs\MiKTeX\tex/latex/datatool\datatool-base
.sty
Package: datatool-base 2019/09/27 v2.32 (NLCT)
 (C:\Users\Hossam\AppData\Local\Programs\MiKTeX\tex/latex/substr\substr.sty
Package: substr 2009/10/20 v1.2 Handle substrings
\c@su@anzahl=\count455
)
(C:\Users\Hossam\AppData\Local\Programs\MiKTeX\tex/latex/datatool\datatool-fp.s
ty
Package: datatool-fp 2019/09/27 v2.32 (NLCT)
 (C:\Users\Hossam\AppData\Local\Programs\MiKTeX\tex/latex/fp\fp.sty
Package: fp 1995/04/02

`Fixed Point Package', Version 0.8, April 2, 1995 (C) Michael Mehlich
(C:\Users\Hossam\AppData\Local\Programs\MiKTeX\tex/latex/fp\defpattern.sty
Package: defpattern 1994/10/12
\actioncount=\count456
)
(C:\Users\Hossam\AppData\Local\Programs\MiKTeX\tex/latex/fp\fp-basic.sty
Package: fp-basic 1996/05/13
\FP@xs=\count457
\FP@xia=\count458
\FP@xib=\count459
\FP@xfa=\count460
\FP@xfb=\count461
\FP@rega=\count462
\FP@regb=\count463
\FP@regs=\count464
\FP@times=\count465
)
(C:\Users\Hossam\AppData\Local\Programs\MiKTeX\tex/latex/fp\fp-addons.sty
Package: fp-addons 1995/03/15
)
(C:\Users\Hossam\AppData\Local\Programs\MiKTeX\tex/latex/fp\fp-snap.sty
Package: fp-snap 1995/04/05
)
(C:\Users\Hossam\AppData\Local\Programs\MiKTeX\tex/latex/fp\fp-exp.sty
Package: fp-exp 1995/04/03
)
(C:\Users\Hossam\AppData\Local\Programs\MiKTeX\tex/latex/fp\fp-trigo.sty
Package: fp-trigo 1995/04/14
)
(C:\Users\Hossam\AppData\Local\Programs\MiKTeX\tex/latex/fp\fp-pas.sty
Package: fp-pas 1994/08/29
)
(C:\Users\Hossam\AppData\Local\Programs\MiKTeX\tex/latex/fp\fp-random.sty
Package: fp-random 1995/02/23
\FPseed=\count466
)
(C:\Users\Hossam\AppData\Local\Programs\MiKTeX\tex/latex/fp\fp-eqn.sty
Package: fp-eqn 1995/04/03
)
(C:\Users\Hossam\AppData\Local\Programs\MiKTeX\tex/latex/fp\fp-upn.sty
Package: fp-upn 1996/10/21
)
(C:\Users\Hossam\AppData\Local\Programs\MiKTeX\tex/latex/fp\fp-eval.sty
Package: fp-eval 1995/04/03
)))
\@dtl@toks=\toks51
\@dtl@tmpcount=\count467
\dtl@tmplength=\skip107
\dtl@sortresult=\count468
\@dtl@numgrpsepcount=\count469
\@dtl@datatype=\count470
\dtl@codeA=\count471
\dtl@codeB=\count472
\@dtl@foreach@level=\count473
)
(C:\Users\Hossam\AppData\Local\Programs\MiKTeX\tex/latex/glossaries/base\glossa
ries-compatible-307.sty
Package: glossaries-compatible-307 2020/03/19 v4.46 (NLCT)
)
(C:\Users\Hossam\AppData\Local\Programs\MiKTeX\tex/latex/tracklang\tracklang.st
y
Package: tracklang 2020/06/30 v1.5 (NLCT) Track Languages
Package srcltx Info: Expanded filename `tracklang' to `tracklang.tex' on input 
line 58.

:<+ tracklang.tex

(C:\Users\Hossam\AppData\Local\Programs\MiKTeX\tex/generic/tracklang\tracklang.
tex)
:<-
)
Package srcltx Info: Expanded filename `glossaries-english.ldf' to `glossaries-
english.ldf.tex' on input line 1194.

:<+ glossaries-english.ldf.tex

(C:\Users\Hossam\AppData\Local\Programs\MiKTeX\tex/latex/glossaries-english\glo
ssaries-english.ldf
File: glossaries-english.ldf 2014/11/23 v1.0
)
:<-
Package srcltx Info: Expanded filename `glossaries-german.ldf' to `glossaries-g
erman.ldf.tex' on input line 1194.
:<+ glossaries-german.ldf.tex

(C:\Users\Hossam\AppData\Local\Programs\MiKTeX\tex/latex/glossaries-german\glos
saries-german.ldf
File: glossaries-german.ldf 2014/11/23 v1.0
)
:<-
\gls@level=\count474
\@gls@tmpb=\toks52
\gls@tmplen=\skip108
\glskeylisttok=\toks53
\glslabeltok=\toks54
\glsshorttok=\toks55
\glslongtok=\toks56

(C:\Users\Hossam\AppData\Local\Programs\MiKTeX\tex/latex/glossaries/styles\glos
sary-hypernav.sty
Package: glossary-hypernav 2020/03/19 v4.46 (NLCT)
)
(C:\Users\Hossam\AppData\Local\Programs\MiKTeX\tex/latex/glossaries/styles\glos
sary-list.sty
Package: glossary-list 2020/03/19 v4.46 (NLCT)
\glslistdottedwidth=\skip109
)
(C:\Users\Hossam\AppData\Local\Programs\MiKTeX\tex/latex/glossaries/styles\glos
sary-long.sty
Package: glossary-long 2020/03/19 v4.46 (NLCT)
\glsdescwidth=\skip110
\glspagelistwidth=\skip111
)
(C:\Users\Hossam\AppData\Local\Programs\MiKTeX\tex/latex/glossaries/styles\glos
sary-super.sty
Package: glossary-super 2020/03/19 v4.46 (NLCT)

(C:\Users\Hossam\AppData\Local\Programs\MiKTeX\tex/latex/supertabular\supertabu
lar.sty
Package: supertabular 2020/02/02 v4.1g the supertabular environment
\c@tracingst=\count475
\ST@wd=\dimen283
\ST@rightskip=\skip112
\ST@leftskip=\skip113
\ST@parfillskip=\skip114
\ST@pageleft=\dimen284
\ST@headht=\dimen285
\ST@tailht=\dimen286
\ST@pagesofar=\dimen287
\ST@pboxht=\dimen288
\ST@lineht=\dimen289
\ST@prevht=\dimen290
\ST@toadd=\dimen291
\ST@dimen=\dimen292
\ST@pbox=\box116
))
(C:\Users\Hossam\AppData\Local\Programs\MiKTeX\tex/latex/glossaries/styles\glos
sary-tree.sty
Package: glossary-tree 2020/03/19 v4.46 (NLCT)
\glstreeindent=\skip115
))
\@glsxtr@leveloffset=\count476
\glsxtrresourcecount=\count477
\@glsxtrnewgls@inner=\count478
\glsshortpltok=\toks57
\glslongpltok=\toks58
)
(C:\Users\Hossam\AppData\Local\Programs\MiKTeX\tex/latex/graphics\lscape.sty
Package: lscape 2020/05/28 v3.02 Landscape Pages (DPC)
)
Package scrhack Info: loading lscape hack on input line 44.
Package srcltx Info: Expanded filename `lscape.hak' to `lscape.hak.tex' on inpu
t line 44.

:<+ lscape.hak.tex

(C:\Users\Hossam\AppData\Local\Programs\MiKTeX\tex/latex/koma-script\lscape.hak
File: lscape.hak 2021/03/17 v3.33 KOMA-Script scrhack part (hacking package lsc
ape)
Package scrhack Info: \landscape patched to make \textheight change optional on
 input line 90.
\scrh@LT@textheight=\skip116
)
:<-
(C:\Users\Hossam\AppData\Local\Programs\MiKTeX\tex/latex/listings\listings.sty
\lst@mode=\count479
\lst@gtempboxa=\box117
\lst@token=\toks59
\lst@length=\count480
\lst@currlwidth=\dimen293
\lst@column=\count481
\lst@pos=\count482
\lst@lostspace=\dimen294
\lst@width=\dimen295
\lst@newlines=\count483
\lst@lineno=\count484
\lst@maxwidth=\dimen296

(C:\Users\Hossam\AppData\Local\Programs\MiKTeX\tex/latex/listings\lstmisc.sty
File: lstmisc.sty 2020/03/24 1.8d (Carsten Heinz)
\c@lstnumber=\count485
\lst@skipnumbers=\count486
\lst@framebox=\box118
)
(C:\Users\Hossam\AppData\Local\Programs\MiKTeX\tex/latex/listings\listings.cfg
File: listings.cfg 2020/03/24 1.8d listings configuration
))
Package scrhack Info: loading listings hack on input line 46.
Package srcltx Info: Expanded filename `listings.hak' to `listings.hak.tex' on 
input line 46.

:<+ listings.hak.tex

(C:\Users\Hossam\AppData\Local\Programs\MiKTeX\tex/latex/koma-script\listings.h
ak
File: listings.hak 2021/03/17 v3.33 KOMA-Script scrhack part (hacking package l
istings)
Package tocbasic Info: setting babel extension for `lol' on input line 143.
Package scrhack Info: redefining \lstlistoflistings on input line 143.
)
:<-
Package: listings 2020/03/24 1.8d (Carsten Heinz)
(C:\Users\Hossam\AppData\Local\Programs\MiKTeX\tex/latex/csquotes\csquotes.sty
Package: csquotes 2021-02-22 v5.2l context-sensitive quotations (JAW)
\csq@reset=\count487
\csq@gtype=\count488
\csq@glevel=\count489
\csq@qlevel=\count490
\csq@maxlvl=\count491
\csq@tshold=\count492
\csq@ltx@everypar=\toks60
Package srcltx Info: Expanded filename `csquotes.def' to `csquotes.def.tex' on 
input line 2474.

:<+ csquotes.def.tex
(C:\Users\Hossam\AppData\Local\Programs\MiKTeX\tex/latex/csquotes\csquotes.def
File: csquotes.def 2021-02-22 v5.2l csquotes generic definitions (JAW)
)
:<-
Package csquotes Info: Trying to load configuration file 'csquotes.cfg'...
Package csquotes Info: ... configuration file loaded successfully.
(C:\Users\Hossam\AppData\Local\Programs\MiKTeX\tex/latex/csquotes\csquotes.cfg
File: csquotes.cfg 
)
Package csquotes Info: Enabling multilingual quotes.
Package csquotes Info: Redefining alias 'english' -> 'english/american'.
Package csquotes Info: Redefining alias 'german' -> 'german/quotes'.
)
(C:\Users\Hossam\AppData\Local\Programs\MiKTeX\tex/latex/multirow\multirow.sty
Package: multirow 2021/01/29 v2.7 Span multiple rows of a table
\multirow@colwidth=\skip117
\multirow@cntb=\count493
\multirow@dima=\skip118
) (C:\Users\Hossam\AppData\Local\Programs\MiKTeX\tex/latex/graphics\rotating.st
y
Package: rotating 2016/08/11 v2.16d rotated objects in LaTeX
\c@r@tfl@t=\count494
\rotFPtop=\skip119
\rotFPbot=\skip120
\rot@float@box=\box119
\rot@mess@toks=\toks61
)
\c@theorem=\count495
\c@corollary=\count496
\c@lemma=\count497
\c@example=\count498
\c@def_internal=\count499
Package srcltx Info: Expanded filename `acrynoms.tex' to `acrynoms.tex' on inpu
t line 121.

:<+ acrynoms.tex
(acrynoms.tex)
:<-
\glswrite=\write5
\glo@abbreviations@file=\write6
\openout6 = `thesis.glo-abr'.

Package glossaries Info: Writing glossary file thesis.glo-abr on input line 123
.
(C:\Users\Hossam\AppData\Local\Programs\MiKTeX\tex/latex/chngcntr\chngcntr.sty
Package: chngcntr 2018/04/09 v1.1a change counter resetting
Package chngcntr Info: \counterwithout already defined.
(chngcntr)             Quitting chngcntr on input line 21.
)
Package csquotes Info: Checking for multilingual support...
Package csquotes Info: ... found 'babel' package.
(thesis.aux)
\openout1 = `thesis.aux'.

LaTeX Font Info:    Checking defaults for OML/cmm/m/it on input line 126.
LaTeX Font Info:    ... okay on input line 126.
LaTeX Font Info:    Checking defaults for OMS/cmsy/m/n on input line 126.
LaTeX Font Info:    ... okay on input line 126.
LaTeX Font Info:    Checking defaults for OT1/cmr/m/n on input line 126.
LaTeX Font Info:    ... okay on input line 126.
LaTeX Font Info:    Checking defaults for T1/cmr/m/n on input line 126.
LaTeX Font Info:    ... okay on input line 126.
LaTeX Font Info:    Checking defaults for TS1/cmr/m/n on input line 126.
LaTeX Font Info:    ... okay on input line 126.
LaTeX Font Info:    Checking defaults for OMX/cmex/m/n on input line 126.
LaTeX Font Info:    ... okay on input line 126.
LaTeX Font Info:    Checking defaults for U/cmr/m/n on input line 126.
LaTeX Font Info:    ... okay on input line 126.
LaTeX Font Info:    Checking defaults for PD1/pdf/m/n on input line 126.
LaTeX Font Info:    ... okay on input line 126.
LaTeX Font Info:    Checking defaults for PU/pdf/m/n on input line 126.
LaTeX Font Info:    ... okay on input line 126.
Package scrbase Info: activating english \contentsname on input line 126.
Package scrbase Info: activating english \listfigurename on input line 126.
Package scrbase Info: activating english \listtablename on input line 126.
Package biblatex Info: Trying to load language 'english'...
Package biblatex Info: ... file 'english.lbx' found.

(C:\Users\Hossam\AppData\Local\Programs\MiKTeX\tex/latex/biblatex/lbx\english.l
bx
File: english.lbx 2020/12/31 v3.16 biblatex localization (PK/MW)
)
Package biblatex Info: Trying to load language 'ngerman'...
Package biblatex Info: ... file 'ngerman.lbx' found.

(C:\Users\Hossam\AppData\Local\Programs\MiKTeX\tex/latex/biblatex/lbx\ngerman.l
bx
File: ngerman.lbx 2020/12/31 v3.16 biblatex localization (PK/MW)
Package biblatex Info: Trying to load language 'german'...
Package biblatex Info: ... file 'german.lbx' found.

(C:\Users\Hossam\AppData\Local\Programs\MiKTeX\tex/latex/biblatex/lbx\german.lb
x
File: german.lbx 2020/12/31 v3.16 biblatex localization (PK/MW)
)
Package biblatex Info: Trying to load language 'german'...
Package biblatex Info: ... file 'german.lbx' found.

(C:\Users\Hossam\AppData\Local\Programs\MiKTeX\tex/latex/biblatex/lbx\german.lb
x
File: german.lbx 2020/12/31 v3.16 biblatex localization (PK/MW)
))
Package biblatex Info: Input encoding 'utf8' detected.
Package biblatex Info: Automatic encoding selection.
(biblatex)             Assuming data encoding 'utf8'.
Package biblatex Info: Document encoding is UTF8 ....
Package biblatex Info: ... and expl3
(biblatex)             2021-02-18 L3 programming layer (loader) 
(biblatex)             is new enough (at least 2020/04/06),
(biblatex)             setting 'casechanger=expl3'.

(C:\Users\Hossam\AppData\Local\Programs\MiKTeX\tex/latex/biblatex\blx-case-expl
3.sty
Package: blx-case-expl3 2020/12/31 v3.16 expl3 case changing code for biblatex
)
\openout3 = `thesis.bcf'.

Package biblatex Info: Trying to load bibliographic data...
Package biblatex Info: ... file 'thesis.bbl' found.
 (thesis.bbl)
Package biblatex Info: Reference section=0 on input line 126.
Package biblatex Info: Reference segment=0 on input line 126.
Configuring pdfsync
\PDFSYNC@ut=\write7
\openout7 = `thesis.pdfsync'.

\PDFSYNCf@li@=\count500
\PDFSYNC@rder=\count501
**** pdfsync.sty: Synchronizing at \everypar
\PDFSYNCeveryp@r=\toks62
**** pdfsync.sty: Synchronizing at \everymath
\PDFSYNCeverym@th=\toks63
**** pdfsync.sty: Synchronizing at \everyhbox
\PDFSYNCeveryhb@x=\toks64
**** pdfsync.sty: Synchronizing at \everyvbox
\PDFSYNCeveryvb@x=\toks65
**** pdfsync.sty: started

(C:\Users\Hossam\AppData\Local\Programs\MiKTeX\tex/context/base/mkii\supp-pdf.m
kii
[Loading MPS to PDF converter (version 2006.09.02).]
\scratchcounter=\count502
\scratchdimen=\dimen297
\scratchbox=\box120
\nofMPsegments=\count503
\nofMParguments=\count504
\everyMPshowfont=\toks66
\MPscratchCnt=\count505
\MPscratchDim=\dimen298
\MPnumerator=\count506
\makeMPintoPDFobject=\count507
\everyMPtoPDFconversion=\toks67
)
(C:\Users\Hossam\AppData\Local\Programs\MiKTeX\tex/latex/epstopdf-pkg\epstopdf-
base.sty
Package: epstopdf-base 2020-01-24 v2.11 Base part for package epstopdf
Package epstopdf-base Info: Redefining graphics rule for `.eps' on input line 4
85.
)
LaTeX Font Info:    Trying to load font information for U+msa on input line 126
.

(C:\Users\Hossam\AppData\Local\Programs\MiKTeX\tex/latex/amsfonts\umsa.fd
File: umsa.fd 2013/01/14 v3.01 AMS symbols A
)
LaTeX Font Info:    Trying to load font information for U+msb on input line 126
.

(C:\Users\Hossam\AppData\Local\Programs\MiKTeX\tex/latex/amsfonts\umsb.fd
File: umsb.fd 2013/01/14 v3.01 AMS symbols B
)
Package xypdf Info: Line width: 0.43799pt on input line 126.
Package caption Info: Begin \AtBeginDocument code.
Package caption Info: float package is loaded.
Package caption Info: hyperref package is loaded.
Package caption Info: listings package is loaded.
Package caption Info: rotating package is loaded.
Package caption Info: supertabular package is loaded.
Package caption Info: End \AtBeginDocument code.
Package hyperref Info: Link coloring OFF on input line 126.

(C:\Users\Hossam\AppData\Local\Programs\MiKTeX\tex/latex/hyperref\nameref.sty
Package: nameref 2021-04-02 v2.47 Cross-referencing by name of section

(C:\Users\Hossam\AppData\Local\Programs\MiKTeX\tex/latex/refcount\refcount.sty
Package: refcount 2019/12/15 v3.6 Data extraction from label references (HO)
)
(C:\Users\Hossam\AppData\Local\Programs\MiKTeX\tex/generic/gettitlestring\getti
tlestring.sty
Package: gettitlestring 2019/12/15 v1.6 Cleanup title references (HO)
)
\c@section@level=\count508
)
LaTeX Info: Redefining \ref on input line 126.
LaTeX Info: Redefining \pageref on input line 126.
LaTeX Info: Redefining \nameref on input line 126.
 (thesis.out) (thesis.out)
\@outlinefile=\write8
\openout8 = `thesis.out'.

Class scrreprt Info: loading recommended package `bookmark'.
(scrreprt)           Using `bookmark' together with `hyperref' is recommended,
(scrreprt)           because of handling of possible bookmark level gaps.
(scrreprt)           You can avoid loading `bookmark' with KOMA-Script option
(scrreprt)           `bookmarkpackage=false' before \begin{document} and
(scrreprt)           you can avoid this message adding:
(scrreprt)             \usepackage{bookmark}
(scrreprt)           before \begin{document} on input line 126.

(C:\Users\Hossam\AppData\Local\Programs\MiKTeX\tex/latex/bookmark\bookmark.sty
Package: bookmark 2020-11-06 v1.29 PDF bookmarks (HO)

(C:\Users\Hossam\AppData\Local\Programs\MiKTeX\tex/latex/bookmark\bkm-pdftex.de
f
File: bkm-pdftex.def 2020-11-06 v1.29 bookmark driver for pdfTeX (HO)
\BKM@id=\count509
))
\c@lstlisting=\count510
Package scrhack Info: undefining \float@addtolists on input line 126.
<Images/unilogo_en.pdf, id=3, 369.7822pt x 113.705pt>
File: Images/unilogo_en.pdf Graphic file (type pdf)
<use Images/unilogo_en.pdf>
Package pdftex.def Info: Images/unilogo_en.pdf  used on input line 151.
(pdftex.def)             Requested size: 203.56703pt x 62.59596pt.
 [1

\openout5 = `thesis.ist'.


{C:/Users/Hossam/AppData/Local/MiKTeX/pdftex/config/pdftex.map} <./Images/unilo
go_en.pdf>] [2

] (thesis.toc

Package glossaries-extra Warning: Base acronym command \acrfull should not be u
sed with new abbreviation definitions. Use \glsxtrfull instead on input line 52
.


Package glossaries-extra Warning: Base acronym command \acrlong should not be u
sed with new abbreviation definitions. Use \glsxtrlong instead on input line 52
.


Package glossaries-extra Warning: Base acronym command \acrshort should not be 
used with new abbreviation definitions. Use \glsxtrshort instead on input line 
52.


Package glossaries-extra Warning: Base acronym command \acrfull should not be u
sed with new abbreviation definitions. Use \glsxtrfull instead on input line 58
.


Package glossaries-extra Warning: Base acronym command \acrlong should not be u
sed with new abbreviation definitions. Use \glsxtrlong instead on input line 58
.


Package glossaries-extra Warning: Base acronym command \acrshort should not be 
used with new abbreviation definitions. Use \glsxtrshort instead on input line 
58.

[1

])
\tf@toc=\write9
\openout9 = `thesis.toc'.

 [2]
Package srcltx Info: Expanded filename `Chapters/abstract.tex' to `Chapters/abs
tract.tex' on input line 160.

:<+ Chapters/abstract.tex
(Chapters/abstract.tex)
:<-
[3

]
Package srcltx Info: Expanded filename `Chapters/acknowledgements.tex' to `Chap
ters/acknowledgements.tex' on input line 164.

:<+ Chapters/acknowledgements.tex
(Chapters/acknowledgements.tex)
:<-
[4

] (thesis.lof)
\tf@lof=\write10
\openout10 = `thesis.lof'.

 [5

] (thesis.lot)
\tf@lot=\write11
\openout11 = `thesis.lot'.

 [6

]
LaTeX Font Info:    Trying to load font information for OT1+phv on input line 1
74.

(C:\Users\Hossam\AppData\Local\Programs\MiKTeX\tex/latex/psnfss\ot1phv.fd
File: ot1phv.fd 2020/03/25 scalable font definitions for OT1/phv.
)
[7


]
Package srcltx Info: Expanded filename `Chapters/introduction/introduction.tex'
 to `Chapters/introduction/introduction.tex' on input line 177.

:<+ Chapters/introduction/introduction.tex
(Chapters/introduction/introduction.tex [8]
chapter 1.
)
:<-
Package srcltx Info: Expanded filename `Chapters/background/background.tex' to 
`Chapters/background/background.tex' on input line 178.
:<+ Chapters/background/background.tex
(Chapters/background/background.texpdfTeX warning (ext4): destination with the 
same identifier (name{page.1}) has been already used, duplicate ignored
<to be read again> 
                   \relax 
l.1 \chapter
            {Background} [1

]
chapter 2.

Package hyperref Warning: Token not allowed in a PDF string (Unicode):
(hyperref)                removing `\sout' on input line 25.

)
:<-
Package srcltx Info: Expanded filename `Chapters/useCases/useCases.tex' to `Cha
pters/useCases/useCases.tex' on input line 179.
:<+ Chapters/useCases/useCases.tex
(Chapters/useCases/useCases.texpdfTeX warning (ext4): destination with the same
 identifier (name{page.2}) has been already used, duplicate ignored
<to be read again> 
                   \relax 
l.1 \chapter
            {Use Cases} [2

]
chapter 3.

Package hyperref Warning: Token not allowed in a PDF string (Unicode):
(hyperref)                removing `\gls' on input line 4.

<Images/E-Gate-Architecture.png, id=261, 700.41675pt x 442.0515pt>
File: Images/E-Gate-Architecture.png Graphic file (type png)
<use Images/E-Gate-Architecture.png>
Package pdftex.def Info: Images/E-Gate-Architecture.png  used on input line 14.

(pdftex.def)             Requested size: 245.14952pt x 154.72034pt.
[3

]
<Images/ABC.jpeg, id=283, 607.26875pt x 480.79625pt>
File: Images/ABC.jpeg Graphic file (type jpg)
<use Images/ABC.jpeg>
Package pdftex.def Info: Images/ABC.jpeg  used on input line 24.
(pdftex.def)             Requested size: 182.18202pt x 144.23997pt.


Package hyperref Warning: Token not allowed in a PDF string (Unicode):
(hyperref)                removing `\gls' on input line 30.

[4 <./Images/E-Gate-Architecture.png> <./Images/ABC.jpeg>])
:<-
Package srcltx Info: Expanded filename `Chapters/secureBootstrapping/SecureBoot
strapping.tex' to `Chapters/secureBootstrapping/SecureBootstrapping.tex' on inp
ut line 180.
:<+ Chapters/secureBootstrapping/SecureBootstrapping.tex
(Chapters/secureBootstrapping/SecureBootstrapping.tex [5]
chapter 4.
[6

]
Package srcltx Info: Expanded filename `Chapters/secureBootstrapping/brski.tex'
 to `Chapters/secureBootstrapping/brski.tex' on input line 21.

:<+ Chapters/secureBootstrapping/brski.tex
(Chapters/secureBootstrapping/brski.tex

Package glossaries-extra Warning: Base acronym command \acrfull should not be u
sed with new abbreviation definitions. Use \glsxtrfull instead on input line 1.



Package glossaries-extra Warning: Base acronym command \acrlong should not be u
sed with new abbreviation definitions. Use \glsxtrlong instead on input line 1.



Package glossaries-extra Warning: Base acronym command \acrshort should not be 
used with new abbreviation definitions. Use \glsxtrshort instead on input line 
1.


Package hyperref Warning: Token not allowed in a PDF string (Unicode):
(hyperref)                removing `\acrfull' on input line 1.

Package srcltx Info: Expanded filename `Chapters/secureBootstrapping/brski/over
view.tex' to `Chapters/secureBootstrapping/brski/overview.tex' on input line 5.

:<+ Chapters/secureBootstrapping/brski/overview.tex
(Chapters/secureBootstrapping/brski/overview.tex
<Images/brski-overview.png, id=375, 670.359pt x 89.571pt>
File: Images/brski-overview.png Graphic file (type png)
<use Images/brski-overview.png>
Package pdftex.def Info: Images/brski-overview.png  used on input line 7.
(pdftex.def)             Requested size: 268.13884pt x 35.82776pt.


Package glossaries-extra Warning: Base acronym command \acrfull should not be u
sed with new abbreviation definitions. Use \glsxtrfull instead on input line 20
.


Package glossaries-extra Warning: Base acronym command \acrlong should not be u
sed with new abbreviation definitions. Use \glsxtrlong instead on input line 20
.


Package glossaries-extra Warning: Base acronym command \acrshort should not be 
used with new abbreviation definitions. Use \glsxtrshort instead on input line 
20.

[7 <./Images/brski-overview.png>])
:<-
Package srcltx Info: Expanded filename `Chapters/secureBootstrapping/brski/prot
ocolDetails.tex' to `Chapters/secureBootstrapping/brski/protocolDetails.tex' on
 input line 7.
:<+ Chapters/secureBootstrapping/brski/protocolDetails.tex
(Chapters/secureBootstrapping/brski/protocolDetails.tex

Package glossaries-extra Warning: Base acronym command \acrfull should not be u
sed with new abbreviation definitions. Use \glsxtrfull instead on input line 3.



Package glossaries-extra Warning: Base acronym command \acrlong should not be u
sed with new abbreviation definitions. Use \glsxtrlong instead on input line 3.



Package glossaries-extra Warning: Base acronym command \acrshort should not be 
used with new abbreviation definitions. Use \glsxtrshort instead on input line 
3.

[8]
<Images/brski-architecture.png, id=410, 663.47874pt x 502.87875pt>
File: Images/brski-architecture.png Graphic file (type png)
<use Images/brski-architecture.png>
Package pdftex.def Info: Images/brski-architecture.png  used on input line 6.
(pdftex.def)             Requested size: 265.3868pt x 201.14793pt.


Package glossaries-extra Warning: Base acronym command \acrfull should not be u
sed with new abbreviation definitions. Use \glsxtrfull instead on input line 21
.


Package glossaries-extra Warning: Base acronym command \acrlong should not be u
sed with new abbreviation definitions. Use \glsxtrlong instead on input line 21
.


Package glossaries-extra Warning: Base acronym command \acrshort should not be 
used with new abbreviation definitions. Use \glsxtrshort instead on input line 
21.

[9 <./Images/brski-architecture.png>]

Package glossaries-extra Warning: Base acronym command \acrfull should not be u
sed with new abbreviation definitions. Use \glsxtrfull instead on input line 36
.


Package glossaries-extra Warning: Base acronym command \acrlong should not be u
sed with new abbreviation definitions. Use \glsxtrlong instead on input line 36
.


Package glossaries-extra Warning: Base acronym command \acrshort should not be 
used with new abbreviation definitions. Use \glsxtrshort instead on input line 
36.

[10]

Package glossaries-extra Warning: Base acronym command \acrfull should not be u
sed with new abbreviation definitions. Use \glsxtrfull instead on input line 51
.


Package glossaries-extra Warning: Base acronym command \acrlong should not be u
sed with new abbreviation definitions. Use \glsxtrlong instead on input line 51
.


Package glossaries-extra Warning: Base acronym command \acrshort should not be 
used with new abbreviation definitions. Use \glsxtrshort instead on input line 
51.

[11])
:<-
)
:<-
Package srcltx Info: Expanded filename `Chapters/secureBootstrapping/sztp.tex' 
to `Chapters/secureBootstrapping/sztp.tex' on input line 23.
:<+ Chapters/secureBootstrapping/sztp.tex
(Chapters/secureBootstrapping/sztp.tex

Package glossaries-extra Warning: Base acronym command \acrfull should not be u
sed with new abbreviation definitions. Use \glsxtrfull instead on input line 1.



Package glossaries-extra Warning: Base acronym command \acrlong should not be u
sed with new abbreviation definitions. Use \glsxtrlong instead on input line 1.



Package glossaries-extra Warning: Base acronym command \acrshort should not be 
used with new abbreviation definitions. Use \glsxtrshort instead on input line 
1.


Package hyperref Warning: Token not allowed in a PDF string (Unicode):
(hyperref)                removing `\acrfull' on input line 1.

)
:<-
Package srcltx Info: Expanded filename `Chapters/secureBootstrapping/comparison
.tex' to `Chapters/secureBootstrapping/comparison.tex' on input line 24.
:<+ Chapters/secureBootstrapping/comparison.tex
(Chapters/secureBootstrapping/comparison.tex)
:<-
)
:<-
Package srcltx Info: Expanded filename `Chapters/x3dh/X3DH.tex' to `Chapters/x3
dh/X3DH.tex' on input line 181.
:<+ Chapters/x3dh/X3DH.tex
(Chapters/x3dh/X3DH.tex

Package glossaries-extra Warning: Base acronym command \acrfull should not be u
sed with new abbreviation definitions. Use \glsxtrfull instead on input line 1.



Package glossaries-extra Warning: Base acronym command \acrlong should not be u
sed with new abbreviation definitions. Use \glsxtrlong instead on input line 1.



Package glossaries-extra Warning: Base acronym command \acrshort should not be 
used with new abbreviation definitions. Use \glsxtrshort instead on input line 
1.

[12]

Package glossaries-extra Warning: Base acronym command \acrfull should not be u
sed with new abbreviation definitions. Use \glsxtrfull instead on input line 1.



Package glossaries-extra Warning: Base acronym command \acrlong should not be u
sed with new abbreviation definitions. Use \glsxtrlong instead on input line 1.



Package glossaries-extra Warning: Base acronym command \acrshort should not be 
used with new abbreviation definitions. Use \glsxtrshort instead on input line 
1.

[13]
chapter 5.
Package srcltx Info: Expanded filename `Chapters/x3dh/Intro' to `Chapters/x3dh/
Intro.tex' on input line 4.
:<+ Chapters/x3dh/Intro.tex
(Chapters/x3dh/Intro.tex)
:<-

Underfull \hbox (badness 10000) in paragraph at lines 9--26

 []

[14

]
<images/X3dh.jpg, id=464, 199.34476pt x 180.675pt>
File: images/X3dh.jpg Graphic file (type jpg)
<use images/X3dh.jpg>
Package pdftex.def Info: images/X3dh.jpg  used on input line 57.
(pdftex.def)             Requested size: 177.05879pt x 160.47491pt.

Underfull \hbox (badness 10000) in paragraph at lines 48--63

 []


Underfull \hbox (badness 10000) in paragraph at lines 48--63

 []

[15]

Package hyperref Warning: Token not allowed in a PDF string (Unicode):
(hyperref)                removing `math shift' on input line 69.


Package hyperref Warning: Token not allowed in a PDF string (Unicode):
(hyperref)                removing `math shift' on input line 69.

[16 <./images/X3dh.jpg>]
Package srcltx Info: Expanded filename `Chapters/x3dh/Modelling' to `Chapters/x
3dh/Modelling.tex' on input line 81.

:<+ Chapters/x3dh/Modelling.tex
(Chapters/x3dh/Modelling.tex
Package hyperref Info: bookmark level for unknown lstlisting defaults to 0 on i
nput line 8.
Package srcltx Info: Expanded filename `code/x3dh.anb' to `code/x3dh.anb.tex' o
n input line 8.

:<+ code/x3dh.anb.tex
(code/x3dh.anb [17])
:<-
[18]
LaTeX Font Info:    Trying to load font information for OMS+cmr on input line 3
6.
 (C:\Users\Hossam\AppData\Local\Programs\MiKTeX\tex/latex/base\omscmr.fd
File: omscmr.fd 2019/12/16 v2.5j Standard LaTeX font definitions
)
LaTeX Font Info:    Font shape `OMS/cmr/m/n' in size <10.95> not available
(Font)              Font shape `OMS/cmsy/m/n' tried instead on input line 36.

[19])
:<-
Package srcltx Info: Expanded filename `Chapters/x3dh/diff' to `Chapters/x3dh/d
iff.tex' on input line 82.
:<+ Chapters/x3dh/diff.tex
(Chapters/x3dh/diff.tex [20])
:<-
Package srcltx Info: Expanded filename `Chapters/x3dh/conclusion' to `Chapters/
x3dh/conclusion.tex' on input line 83.
:<+ Chapters/x3dh/conclusion.tex
(Chapters/x3dh/conclusion.tex)
:<-
)
:<-
Package srcltx Info: Expanded filename `Chapters/doubleRatchet/DoubleRatchet.te
x' to `Chapters/doubleRatchet/DoubleRatchet.tex' on input line 182.
:<+ Chapters/doubleRatchet/DoubleRatchet.tex
(Chapters/doubleRatchet/DoubleRatchet.tex [21]
chapter 6.
)
:<-
Package srcltx Info: Expanded filename `Chapters/implementation/Implementation.
tex' to `Chapters/implementation/Implementation.tex' on input line 183.
:<+ Chapters/implementation/Implementation.tex
(Chapters/implementation/Implementation.tex [22

]
chapter 7.
)
:<-
Package srcltx Info: Expanded filename `Chapters/evaluation/Evaluation.tex' to 
`Chapters/evaluation/Evaluation.tex' on input line 184.
:<+ Chapters/evaluation/Evaluation.tex
(Chapters/evaluation/Evaluation.tex [23

]
chapter 8.
)
:<-
Package srcltx Info: Expanded filename `Chapters/Conclusion.tex' to `Chapters/C
onclusion.tex' on input line 185.
:<+ Chapters/Conclusion.tex
(Chapters/Conclusion.tex [24

]
chapter 9.
)
:<-
[25

]
chapter without number
[26

]
Package srcltx Info: Expanded filename `Chapters/appendix.tex' to `Chapters/app
endix.tex' on input line 196.

:<+ Chapters/appendix.tex
(Chapters/appendix.tex [27]
chapter A.
Package srcltx Info: Expanded filename `Appendix/Protocols Comparison.tex' to `
Appendix/Protocols Comparison.tex' on input line 3.
:<+ Appendix/Protocols Comparison.tex
(Appendix/Protocols Comparison.tex [28

]
Underfull \hbox (badness 10000) in paragraph at lines 15--15
[][][][]|\OT1/cmr/bx/n/10.95 communication
 []


Underfull \hbox (badness 3009) in paragraph at lines 15--15
[][][]|\OT1/cmr/m/n/10.95 Device<->Owner(<->MASA: not pro-to-col
 []


Underfull \hbox (badness 1742) in paragraph at lines 17--17
[][][][]|\OT1/cmr/bx/n/10.95 remote(Internet ac-
 []


Underfull \hbox (badness 10000) in paragraph at lines 17--17
\OT1/cmr/bx/n/10.95 strap-ping sources
 []


Underfull \hbox (badness 10000) in paragraph at lines 19--19
[][][][]|\OT1/cmr/bx/n/10.95 Device boot-strap
 []


Underfull \hbox (badness 10000) in paragraph at lines 23--23
[][][][]|\OT1/cmr/bx/n/10.95 Functionality sup-
 []


Underfull \hbox (badness 1331) in paragraph at lines 25--25
\OT1/cmr/m/n/10.95 - Trust an-chors to val-i-date own-er-ship
 []


Underfull \hbox (badness 4543) in paragraph at lines 27--27
[][][][]|\OT1/cmr/bx/n/10.95 discovery of boot-
 []


Underfull \hbox (badness 10000) in paragraph at lines 29--29
[][][][]|\OT1/cmr/bx/n/10.95 Device au-then-ti-ca-
 []


Underfull \hbox (badness 1472) in paragraph at lines 35--35
[][][][]|\OT1/cmr/bx/n/10.95 enrollment pro-to-col
 []


Underfull \hbox (badness 1127) in paragraph at lines 37--37
\OT1/cmr/m/n/10.95 fig-u-ra-tion, post-config scripts, voucher,
 []


Underfull \hbox (badness 6268) in paragraph at lines 39--39
[][][][]|\OT1/cmr/bx/n/10.95 bootstrapping data
 []


Underfull \hbox (badness 10000) in paragraph at lines 41--41
[][][][]|\OT1/cmr/bx/n/10.95 owner voucher-
 []


Underfull \hbox (badness 1540) in paragraph at lines 45--45
[][][][]|\OT1/cmr/bx/n/10.95 determining MASA
 []


Underfull \hbox (badness 1028) in paragraph at lines 53--53
\OT1/cmr/m/n/10.95 her-ent to the pro-to-col, but own-er-ship
 []


Underfull \hbox (badness 10000) in paragraph at lines 55--55
\OT1/cmr/bx/n/10.95 (be-fore boot-strap
 []

[29

] [30] [31])
:<-
Package srcltx Info: Expanded filename `Appendix/Terminology comparison.tex' to
 `Appendix/Terminology comparison.tex' on input line 5.
:<+ Appendix/Terminology comparison.tex
(Appendix/Terminology comparison.tex
Underfull \hbox (badness 3746) in paragraph at lines 10--10
\OT1/cmr/m/n/10.95 ers the ser-vices pro-
 []


Underfull \hbox (badness 1005) in paragraph at lines 12--12
\OT1/cmr/m/n/10.95 a com-mon lo-cal trust
 []


Underfull \hbox (badness 6825) in paragraph at lines 12--12
\OT1/cmr/m/n/10.95 main Cer-tifi-cate Au-
 []


Overfull \vbox (136.00009pt too high) detected at line 12
 []


Underfull \hbox (badness 2012) in paragraph at lines 14--14
\OT1/cmr/m/n/10.95 helps the pledge join
 []


Underfull \hbox (badness 1389) in paragraph at lines 14--14
\OT1/cmr/m/n/10.95 the do-main. A join
 []


Underfull \hbox (badness 2245) in paragraph at lines 14--14
\OT1/cmr/m/n/10.95 proxy fa-cil-i-tates com-
 []


Underfull \hbox (badness 1648) in paragraph at lines 14--14
\OT1/cmr/m/n/10.95 they are val-i-dated as
 []


Underfull \hbox (badness 3168) in paragraph at lines 14--14
\OT1/cmr/m/n/10.95 - The pledge is un-
 []


Underfull \hbox (badness 4699) in paragraph at lines 14--14
\OT1/cmr/m/n/10.95 aware that they are
 []


Underfull \hbox (badness 1005) in paragraph at lines 14--14
\OT1/cmr/m/n/10.95 proxy rather than di-
 []


Underfull \hbox (badness 10000) in paragraph at lines 16--16
[][][]|\OT1/cmr/m/n/10.95 ownership
 []

)
:<-
)
:<-
[32

] (thesis.aux)
Package rerunfilecheck Info: File `thesis.out' has not changed.
(rerunfilecheck)             Checksum: D41D8CD98F00B204E9800998ECF8427E;0.
Package logreq Info: Writing requests to 'thesis.run.xml'.
\openout1 = `thesis.run.xml'.

 ) 
Here is how much of TeX's memory you used:
 37804 strings out of 479334
 668304 string characters out of 2856609
 2192648 words of memory out of 3000000
 54252 multiletter control sequences out of 15000+200000
 420981 words of font info for 91 fonts, out of 3000000 for 9000
 1143 hyphenation exceptions out of 8191
 117i,31n,116p,10603b,3017s stack positions out of 5000i,500n,10000p,200000b,50000s
pdfTeX warning (dest): name{Hfootnote.5} has been referenced but does not exi
st, replaced by a fixed one

pdfTeX warning (dest): name{Hfootnote.4} has been referenced but does not exist
, replaced by a fixed one

pdfTeX warning (dest): name{Hfootnote.3} has been referenced but does not exist
, replaced by a fixed one

pdfTeX warning (dest): name{Hfootnote.2} has been referenced but does not exist
, replaced by a fixed one

pdfTeX warning (dest): name{Hfootnote.1} has been referenced but does not exist
, replaced by a fixed one

 <C:\Users\Hossam\AppData\Local\MiKTeX\fonts/pk/ljfour/jknappen/ec/dpi600\tcrm1
095.pk>{C:/Users/Hossam/AppData/Local/Programs/MiKTeX/fonts/enc/dvips/base/8r.e
nc}<C:/Users/Hossam/AppData/Local/Programs/MiKTeX/fonts/type1/public/amsfonts/c
m/cmbx10.pfb><C:/Users/Hossam/AppData/Local/Programs/MiKTeX/fonts/type1/public/
amsfonts/cm/cmbx12.pfb><C:/Users/Hossam/AppData/Local/Programs/MiKTeX/fonts/typ
e1/public/amsfonts/cm/cmbxti10.pfb><C:/Users/Hossam/AppData/Local/Programs/MiKT
eX/fonts/type1/public/amsfonts/cm/cmcsc10.pfb><C:/Users/Hossam/AppData/Local/Pr
ograms/MiKTeX/fonts/type1/public/amsfonts/cm/cmmi10.pfb><C:/Users/Hossam/AppDat
a/Local/Programs/MiKTeX/fonts/type1/public/amsfonts/cm/cmmi6.pfb><C:/Users/Hoss
am/AppData/Local/Programs/MiKTeX/fonts/type1/public/amsfonts/cm/cmmi8.pfb><C:/U
sers/Hossam/AppData/Local/Programs/MiKTeX/fonts/type1/public/amsfonts/cm/cmr10.
pfb><C:/Users/Hossam/AppData/Local/Programs/MiKTeX/fonts/type1/public/amsfonts/
cm/cmr12.pfb><C:/Users/Hossam/AppData/Local/Programs/MiKTeX/fonts/type1/public/
amsfonts/cm/cmr17.pfb><C:/Users/Hossam/AppData/Local/Programs/MiKTeX/fonts/type
1/public/amsfonts/cm/cmr6.pfb><C:/Users/Hossam/AppData/Local/Programs/MiKTeX/fo
nts/type1/public/amsfonts/cm/cmr8.pfb><C:/Users/Hossam/AppData/Local/Programs/M
iKTeX/fonts/type1/public/amsfonts/cm/cmr9.pfb><C:/Users/Hossam/AppData/Local/Pr
ograms/MiKTeX/fonts/type1/public/amsfonts/cm/cmsy10.pfb><C:/Users/Hossam/AppDat
a/Local/Programs/MiKTeX/fonts/type1/public/amsfonts/cm/cmti10.pfb><C:/Users/Hos
sam/AppData/Local/Programs/MiKTeX/fonts/type1/public/amsfonts/cm/cmti9.pfb><C:/
Users/Hossam/AppData/Local/Programs/MiKTeX/fonts/type1/public/amsfonts/cm/cmtt1
0.pfb><C:/Users/Hossam/AppData/Local/Programs/MiKTeX/fonts/type1/public/amsfont
s/cm/cmtt9.pfb><C:/Users/Hossam/AppData/Local/Programs/MiKTeX/fonts/type1/urw/h
elvetic/uhvb8a.pfb>
Output written on thesis.pdf (42 pages, 748322 bytes).
PDF statistics:
 956 PDF objects out of 1000 (max. 8388607)
 235 named destinations out of 1000 (max. 500000)
 503 words of extra memory for PDF output out of 10000 (max. 10000000)

